[2021-08-04 09:54:11] production.ERROR: It is unsafe to run Dusk in production. {"exception":"[object] (Exception(code: 0): It is unsafe to run Dusk in production. at /home/vagrant/code/htest/gettiilite/vendor/laravel/dusk/src/DuskServiceProvider.php:43)
[stacktrace]
#0 /home/vagrant/code/htest/gettiilite/vendor/laravel/framework/src/Illuminate/Foundation/Application.php(586): Laravel\\Dusk\\DuskServiceProvider->register()
#1 /home/vagrant/code/htest/gettiilite/vendor/laravel/framework/src/Illuminate/Foundation/ProviderRepository.php(75): Illuminate\\Foundation\\Application->register(Object(Laravel\\Dusk\\DuskServiceProvider))
#2 /home/vagrant/code/htest/gettiilite/vendor/laravel/framework/src/Illuminate/Foundation/Application.php(561): Illuminate\\Foundation\\ProviderRepository->load(Array)
#3 /home/vagrant/code/htest/gettiilite/vendor/laravel/framework/src/Illuminate/Foundation/Bootstrap/RegisterProviders.php(17): Illuminate\\Foundation\\Application->registerConfiguredProviders()
#4 /home/vagrant/code/htest/gettiilite/vendor/laravel/framework/src/Illuminate/Foundation/Application.php(213): Illuminate\\Foundation\\Bootstrap\\RegisterProviders->bootstrap(Object(Illuminate\\Foundation\\Application))
#5 /home/vagrant/code/htest/gettiilite/vendor/laravel/framework/src/Illuminate/Foundation/Http/Kernel.php(162): Illuminate\\Foundation\\Application->bootstrapWith(Array)
#6 /home/vagrant/code/htest/gettiilite/vendor/laravel/framework/src/Illuminate/Foundation/Http/Kernel.php(146): Illuminate\\Foundation\\Http\\Kernel->bootstrap()
#7 /home/vagrant/code/htest/gettiilite/vendor/laravel/framework/src/Illuminate/Foundation/Http/Kernel.php(116): Illuminate\\Foundation\\Http\\Kernel->sendRequestThroughRouter(Object(Illuminate\\Http\\Request))
#8 /home/vagrant/code/htest/gettiilite/public/index.php(55): Illuminate\\Foundation\\Http\\Kernel->handle(Object(Illuminate\\Http\\Request))
#9 {main}
"} 
[2021-08-04 09:56:48] production.ERROR: It is unsafe to run Dusk in production. {"exception":"[object] (Exception(code: 0): It is unsafe to run Dusk in production. at /home/vagrant/code/htest/gettiilite/vendor/laravel/dusk/src/DuskServiceProvider.php:43)
[stacktrace]
#0 /home/vagrant/code/htest/gettiilite/vendor/laravel/framework/src/Illuminate/Foundation/Application.php(586): Laravel\\Dusk\\DuskServiceProvider->register()
#1 /home/vagrant/code/htest/gettiilite/vendor/laravel/framework/src/Illuminate/Foundation/ProviderRepository.php(75): Illuminate\\Foundation\\Application->register(Object(Laravel\\Dusk\\DuskServiceProvider))
#2 /home/vagrant/code/htest/gettiilite/vendor/laravel/framework/src/Illuminate/Foundation/Application.php(561): Illuminate\\Foundation\\ProviderRepository->load(Array)
#3 /home/vagrant/code/htest/gettiilite/vendor/laravel/framework/src/Illuminate/Foundation/Bootstrap/RegisterProviders.php(17): Illuminate\\Foundation\\Application->registerConfiguredProviders()
#4 /home/vagrant/code/htest/gettiilite/vendor/laravel/framework/src/Illuminate/Foundation/Application.php(213): Illuminate\\Foundation\\Bootstrap\\RegisterProviders->bootstrap(Object(Illuminate\\Foundation\\Application))
#5 /home/vagrant/code/htest/gettiilite/vendor/laravel/framework/src/Illuminate/Foundation/Console/Kernel.php(296): Illuminate\\Foundation\\Application->bootstrapWith(Array)
#6 /home/vagrant/code/htest/gettiilite/vendor/laravel/framework/src/Illuminate/Foundation/Console/Kernel.php(119): Illuminate\\Foundation\\Console\\Kernel->bootstrap()
#7 /home/vagrant/code/htest/gettiilite/artisan(37): Illuminate\\Foundation\\Console\\Kernel->handle(Object(Symfony\\Component\\Console\\Input\\ArgvInput), Object(Symfony\\Component\\Console\\Output\\ConsoleOutput))
#8 {main}
"} 
