[2021-08-06 14:08:56] production.DEBUG: UserManagerService.transportUserInfo@20210806140856  
[2021-08-06 14:08:56] production.DEBUG: UserManagerRepositories.portalMstOutputInsert  
[2021-08-06 21:30:56] production.DEBUG: [edit]The data from DB  
[2021-08-06 21:31:03] production.DEBUG: has  
[2021-08-06 22:11:39] production.DEBUG: [edit]The data from DB  
[2021-08-06 22:11:44] production.DEBUG: [edit]The data from DB  
[2021-08-06 22:11:46] production.DEBUG: has  
[2021-08-06 22:11:51] production.DEBUG: has  
[2021-08-06 22:15:00] production.DEBUG: [EventController] update  
[2021-08-06 22:15:00] production.DEBUG: *** sales_term_status  ***  
[2021-08-06 22:15:00] production.DEBUG: true  
[2021-08-06 22:15:00] production.DEBUG: *** ticket_seat_status  ***  
[2021-08-06 22:15:00] production.DEBUG: 1  
[2021-08-06 22:15:00] production.DEBUG: *** PERFORMANCE STATUS ***  
[2021-08-06 22:15:00] production.DEBUG: 3  
[2021-08-06 22:15:00] production.DEBUG: [EventManageService]updateJson  
[2021-08-06 22:15:01] production.DEBUG: _createHallInfo : [石川県][七尾市] -> ID => 3001316  
[2021-08-06 22:15:02] production.DEBUG: [edit]It is old data  
[2021-08-06 22:15:02] production.DEBUG: [edit]Reading data form draft.  
[2021-08-06 22:15:37] production.DEBUG: [EventManageService] republish  
[2021-08-06 22:15:37] production.DEBUG: has  
[2021-08-06 22:15:37] production.DEBUG: [EventManageService] draft_status -> 3  
[2021-08-06 22:15:53] production.DEBUG: specDateScheduleCreateorUpdate{"performance_id":"2559","performance_date":"2021\/8\/5","start_time":"12:00","disp_performance_date":"","sch_kbn":"1","stcd":2912,"update_account_cd":269}  
[2021-08-06 22:15:53] production.DEBUG: specDateScheduleCreateorUpdate:2559-2021/8/5-2912-12:00  
[2021-08-06 22:15:53] production.DEBUG: specDateScheduleCreateorUpdate: id =17123  
[2021-08-06 22:15:53] production.DEBUG: specDateScheduleCreateorUpdate{"performance_id":"2559","performance_date":"2021\/8\/6","start_time":"12:00","disp_performance_date":"","sch_kbn":"1","stcd":2912,"update_account_cd":269}  
[2021-08-06 22:15:53] production.DEBUG: specDateScheduleCreateorUpdate:2559-2021/8/6-2912-12:00  
[2021-08-06 22:15:53] production.DEBUG: specDateScheduleCreateorUpdate: id =17124  
[2021-08-06 22:16:22] production.DEBUG: tt{"dateValue":"1628089200000","ruleId":"1","type":0,"index":0}  
[2021-08-06 22:16:23] production.DEBUG: tt{"dateValue":"1628089200000","ruleId":"1","type":0,"index":0}  
[2021-08-06 22:16:23] production.DEBUG: tt{"dateValue":"1628089200000","ruleId":"1","type":0,"index":0}  
[2021-08-06 22:16:24] production.DEBUG: tt{"dateValue":"1628089200000","ruleId":"1","type":0,"index":0}  
[2021-08-06 22:16:24] production.DEBUG: tt{"dateValue":"1628089200000","ruleId":"1","type":0,"index":0}  
[2021-08-06 22:16:25] production.DEBUG: tt{"dateValue":"1628089200000","ruleId":"1","type":2,"index":1}  
[2021-08-06 22:16:25] production.DEBUG: tt{"dateValue":"1628089200000","ruleId":"1","type":2,"index":1}  
[2021-08-06 22:16:25] production.DEBUG: tt{"dateValue":"1628089200000","ruleId":"1","type":2,"index":1}  
[2021-08-06 22:16:26] production.DEBUG: tt{"dateValue":"1628089200000","ruleId":"1","type":0,"index":0}  
[2021-08-06 22:16:26] production.DEBUG: tt{"dateValue":"1628089200000","ruleId":"1","type":0,"index":0}  
[2021-08-06 22:16:27] production.DEBUG: tt{"dateValue":"1628089200000","ruleId":"1","type":0,"index":0}  
[2021-08-06 22:16:27] production.DEBUG: tt{"dateValue":"1628089200000","ruleId":"1","type":0,"index":0}  
[2021-08-06 22:16:28] production.DEBUG: tt{"dateValue":"1628089200000","ruleId":"1","type":0,"index":0}  
[2021-08-06 22:16:28] production.DEBUG: tt{"dateValue":"1628089200000","ruleId":"1","type":0,"index":0}  
[2021-08-06 22:16:28] production.DEBUG: tt{"dateValue":"1628089200000","ruleId":"1","type":0,"index":0}  
[2021-08-06 22:16:38] production.DEBUG: export event mst_data satart  
[2021-08-06 22:16:38] production.ERROR: [republish]:Exception occurred - finfo::file(/home/vagrant/code/htest/gettiilite/public/storage/event-data/EJdRrl4q/logo/APx4iqG3052021110808.jpg): failed to open stream: No such file or directory  
[2021-08-06 22:17:21] production.DEBUG: [EventManageService] republish  
[2021-08-06 22:17:21] production.DEBUG: has  
[2021-08-06 22:17:21] production.DEBUG: [EventManageService] draft_status -> 3  
[2021-08-06 22:17:36] production.DEBUG: [edit]The data from DB  
[2021-08-06 22:17:38] production.DEBUG: specDateScheduleCreateorUpdate{"performance_id":"2575","performance_date":"2021\/8\/6","start_time":"12:00","disp_performance_date":"","sch_kbn":"1","stcd":2915,"update_account_cd":269}  
[2021-08-06 22:17:38] production.DEBUG: specDateScheduleCreateorUpdate:2575-2021/8/6-2915-12:00  
[2021-08-06 22:17:39] production.DEBUG: specDateScheduleCreateorUpdate: id =17125  
[2021-08-06 22:17:39] production.DEBUG: specDateScheduleCreateorUpdate{"performance_id":"2575","performance_date":"2021\/8\/7","start_time":"12:00","disp_performance_date":"","sch_kbn":"1","stcd":2915,"update_account_cd":269}  
[2021-08-06 22:17:39] production.DEBUG: specDateScheduleCreateorUpdate:2575-2021/8/7-2915-12:00  
[2021-08-06 22:17:39] production.DEBUG: specDateScheduleCreateorUpdate: id =17126  
[2021-08-06 22:17:39] production.DEBUG: specDateScheduleCreateorUpdate{"performance_id":"2575","performance_date":"2021\/8\/8","start_time":"12:00","disp_performance_date":"","sch_kbn":"1","stcd":2915,"update_account_cd":269}  
[2021-08-06 22:17:39] production.DEBUG: specDateScheduleCreateorUpdate:2575-2021/8/8-2915-12:00  
[2021-08-06 22:17:39] production.DEBUG: specDateScheduleCreateorUpdate: id =17127  
[2021-08-06 22:17:43] production.DEBUG: has  
[2021-08-06 22:17:50] production.DEBUG: Call eventUploadImage.  
[2021-08-06 22:18:01] production.DEBUG: Call eventUploadImage.  
[2021-08-06 22:18:06] production.DEBUG: tt{"dateValue":"1628175600000","ruleId":"1","type":2,"index":1}  
[2021-08-06 22:18:06] production.DEBUG: [EventController] update  
[2021-08-06 22:18:06] production.DEBUG: *** sales_term_status  ***  
[2021-08-06 22:18:06] production.DEBUG: true  
[2021-08-06 22:18:06] production.DEBUG: *** ticket_seat_status  ***  
[2021-08-06 22:18:06] production.DEBUG: 1  
[2021-08-06 22:18:06] production.DEBUG: *** PERFORMANCE STATUS ***  
[2021-08-06 22:18:06] production.DEBUG: 3  
[2021-08-06 22:18:06] production.DEBUG: [EventManageService]updateJson  
[2021-08-06 22:18:06] production.DEBUG: _createHallInfo : [石川県][七尾市] -> ID => 3001316  
[2021-08-06 22:18:07] production.DEBUG: tt{"dateValue":"1628175600000","ruleId":"1","type":0,"index":0}  
[2021-08-06 22:18:07] production.DEBUG: tt{"dateValue":"1628175600000","ruleId":"1","type":1,"index":0}  
[2021-08-06 22:18:07] production.DEBUG: tt{"dateValue":"1628175600000","ruleId":"1","type":2,"index":3}  
[2021-08-06 22:18:08] production.DEBUG: [edit]It is old data  
[2021-08-06 22:18:08] production.DEBUG: [edit]Reading data form draft.  
[2021-08-06 22:18:08] production.DEBUG: tt{"dateValue":"1628175600000","ruleId":"1","type":2,"index":3}  
[2021-08-06 22:18:08] production.DEBUG: tt{"dateValue":"1628175600000","ruleId":"1","type":2,"index":0}  
[2021-08-06 22:18:09] production.DEBUG: tt{"dateValue":"1628175600000","ruleId":"1","type":2,"index":1}  
[2021-08-06 22:18:10] production.DEBUG: tt{"dateValue":"1628175600000","ruleId":"1","type":0,"index":0}  
[2021-08-06 22:18:11] production.DEBUG: tt{"dateValue":"1628175600000","ruleId":"1","type":0,"index":0}  
[2021-08-06 22:18:12] production.DEBUG: tt{"dateValue":"1628175600000","ruleId":"1","type":0,"index":0}  
[2021-08-06 22:18:17] production.DEBUG: tt{"dateValue":"1628175600000","ruleId":"1","type":1,"index":0}  
[2021-08-06 22:18:17] production.DEBUG: tt{"dateValue":"1628175600000","ruleId":"1","type":1,"index":0}  
[2021-08-06 22:18:18] production.DEBUG: tt{"dateValue":"1628175600000","ruleId":"1","type":0,"index":0}  
[2021-08-06 22:18:18] production.DEBUG: tt{"dateValue":"1628175600000","ruleId":"1","type":0,"index":0}  
[2021-08-06 22:18:21] production.DEBUG: tt{"dateValue":"1628175600000","ruleId":"1","type":0,"index":0}  
[2021-08-06 22:18:23] production.DEBUG: export event mst_data satart  
[2021-08-06 22:18:24] production.DEBUG: export event mst_data finished  
[2021-08-06 22:18:25] production.DEBUG: [EventManageService] republish  
[2021-08-06 22:18:25] production.DEBUG: has  
[2021-08-06 22:18:26] production.DEBUG: [EventManageService] draft_status -> 3  
[2021-08-06 22:18:43] production.DEBUG: specDateScheduleCreateorUpdate{"performance_id":"2559","performance_date":"2021\/8\/5","start_time":"12:00","disp_performance_date":"","sch_kbn":"1","stcd":2916,"update_account_cd":269}  
[2021-08-06 22:18:43] production.DEBUG: specDateScheduleCreateorUpdate:2559-2021/8/5-2916-12:00  
[2021-08-06 22:18:43] production.DEBUG: specDateScheduleCreateorUpdate: id =17128  
[2021-08-06 22:18:43] production.DEBUG: specDateScheduleCreateorUpdate{"performance_id":"2559","performance_date":"2021\/8\/6","start_time":"12:00","disp_performance_date":"","sch_kbn":"1","stcd":2916,"update_account_cd":269}  
[2021-08-06 22:18:43] production.DEBUG: specDateScheduleCreateorUpdate:2559-2021/8/6-2916-12:00  
[2021-08-06 22:18:43] production.DEBUG: specDateScheduleCreateorUpdate: id =17129  
[2021-08-06 22:19:12] production.DEBUG: tt{"dateValue":"1628089200000","ruleId":"1","type":0,"index":0}  
[2021-08-06 22:19:13] production.DEBUG: tt{"dateValue":"1628089200000","ruleId":"1","type":0,"index":0}  
[2021-08-06 22:19:14] production.DEBUG: tt{"dateValue":"1628089200000","ruleId":"1","type":0,"index":0}  
[2021-08-06 22:19:15] production.DEBUG: tt{"dateValue":"1628089200000","ruleId":"1","type":0,"index":0}  
[2021-08-06 22:19:15] production.DEBUG: tt{"dateValue":"1628089200000","ruleId":"1","type":0,"index":0}  
[2021-08-06 22:19:15] production.DEBUG: tt{"dateValue":"1628089200000","ruleId":"1","type":2,"index":1}  
[2021-08-06 22:19:15] production.DEBUG: tt{"dateValue":"1628089200000","ruleId":"1","type":2,"index":1}  
[2021-08-06 22:19:16] production.DEBUG: tt{"dateValue":"1628089200000","ruleId":"1","type":2,"index":1}  
[2021-08-06 22:19:16] production.DEBUG: tt{"dateValue":"1628089200000","ruleId":"1","type":0,"index":0}  
[2021-08-06 22:19:17] production.DEBUG: tt{"dateValue":"1628089200000","ruleId":"1","type":0,"index":0}  
[2021-08-06 22:19:17] production.DEBUG: tt{"dateValue":"1628089200000","ruleId":"1","type":0,"index":0}  
[2021-08-06 22:19:17] production.DEBUG: tt{"dateValue":"1628089200000","ruleId":"1","type":0,"index":0}  
[2021-08-06 22:19:18] production.DEBUG: tt{"dateValue":"1628089200000","ruleId":"1","type":0,"index":0}  
[2021-08-06 22:19:19] production.DEBUG: tt{"dateValue":"1628089200000","ruleId":"1","type":0,"index":0}  
[2021-08-06 22:19:19] production.DEBUG: tt{"dateValue":"1628089200000","ruleId":"1","type":0,"index":0}  
[2021-08-06 22:19:29] production.DEBUG: export event mst_data satart  
[2021-08-06 22:19:30] production.DEBUG: export event mst_data finished  
[2021-08-06 22:23:35] production.DEBUG: [edit]The data from DB  
