[2021-07-24 10:34:37] production.DEBUG: [EventManageService] republish  
[2021-07-24 10:34:37] production.DEBUG: has  
[2021-07-24 10:34:37] production.DEBUG: [EventManageService] draft_status -> 3  
[2021-07-24 10:34:38] production.DEBUG: specDateScheduleCreateorUpdate{"performance_id":"2329","performance_date":"2021\/07\/23","start_time":"12:00","disp_performance_date":"wqw","sch_kbn":"0","stcd":2825,"update_account_cd":269}  
[2021-07-24 10:34:38] production.DEBUG: specDateScheduleCreateorUpdate:2329-2021/07/23-2825-12:00  
[2021-07-24 10:34:38] production.DEBUG: specDateScheduleCreateorUpdate: id =16804  
[2021-07-24 10:35:03] production.DEBUG: export event mst_data satart  
[2021-07-24 10:35:04] production.DEBUG: export event mst_data finished  
[2021-07-24 10:36:29] production.DEBUG: [edit]The data from DB  
[2021-07-24 10:36:36] production.DEBUG: has  
[2021-07-24 11:03:29] production.DEBUG: [edit]The data from DB  
[2021-07-24 11:03:35] production.DEBUG: has  
[2021-07-24 11:07:28] production.DEBUG: [edit]The data from DB  
[2021-07-24 11:07:35] production.DEBUG: has  
[2021-07-24 11:10:22] production.DEBUG: [edit]The data from DB  
[2021-07-24 11:10:29] production.DEBUG: has  
[2021-07-24 14:09:45] production.ERROR: file_get_contents(https://www.google.com/recaptcha/api/siteverify): failed to open stream: Connection timed out {"exception":"[object] (ErrorException(code: 0): file_get_contents(https://www.google.com/recaptcha/api/siteverify): failed to open stream: Connection timed out at /home/vagrant/code/htest/gettiilite/app/Services/LoginServices.php:67)
[stacktrace]
#0 [internal function]: Illuminate\\Foundation\\Bootstrap\\HandleExceptions->handleError(2, 'file_get_conten...', '/home/vagrant/c...', 67, Array)
#1 /home/vagrant/code/htest/gettiilite/app/Services/LoginServices.php(67): file_get_contents('https://www.goo...', false, Resource id #5)
#2 /home/vagrant/code/htest/gettiilite/app/Services/LoginServices.php(82): App\\Services\\LoginServices->_recaptchaVerify('HFbXRzfg1XPGt2T...')
#3 /home/vagrant/code/htest/gettiilite/app/Http/Controllers/AuthController.php(58): App\\Services\\LoginServices->login(Array)
#4 [internal function]: App\\Http\\Controllers\\AuthController->login(Object(Illuminate\\Http\\Request))
#5 /home/vagrant/code/htest/gettiilite/vendor/laravel/framework/src/Illuminate/Routing/Controller.php(54): call_user_func_array(Array, Array)
#6 /home/vagrant/code/htest/gettiilite/vendor/laravel/framework/src/Illuminate/Routing/ControllerDispatcher.php(45): Illuminate\\Routing\\Controller->callAction('login', Array)
#7 /home/vagrant/code/htest/gettiilite/vendor/laravel/framework/src/Illuminate/Routing/Route.php(212): Illuminate\\Routing\\ControllerDispatcher->dispatch(Object(Illuminate\\Routing\\Route), Object(App\\Http\\Controllers\\AuthController), 'login')
#8 /home/vagrant/code/htest/gettiilite/vendor/laravel/framework/src/Illuminate/Routing/Route.php(169): Illuminate\\Routing\\Route->runController()
#9 /home/vagrant/code/htest/gettiilite/vendor/laravel/framework/src/Illuminate/Routing/Router.php(658): Illuminate\\Routing\\Route->run()
#10 /home/vagrant/code/htest/gettiilite/vendor/laravel/framework/src/Illuminate/Routing/Pipeline.php(30): Illuminate\\Routing\\Router->Illuminate\\Routing\\{closure}(Object(Illuminate\\Http\\Request))
#11 /home/vagrant/code/htest/gettiilite/vendor/laravel/framework/src/Illuminate/Routing/Middleware/SubstituteBindings.php(41): Illuminate\\Routing\\Pipeline->Illuminate\\Routing\\{closure}(Object(Illuminate\\Http\\Request))
#12 /home/vagrant/code/htest/gettiilite/vendor/laravel/framework/src/Illuminate/Pipeline/Pipeline.php(149): Illuminate\\Routing\\Middleware\\SubstituteBindings->handle(Object(Illuminate\\Http\\Request), Object(Closure))
#13 /home/vagrant/code/htest/gettiilite/vendor/laravel/framework/src/Illuminate/Routing/Pipeline.php(53): Illuminate\\Pipeline\\Pipeline->Illuminate\\Pipeline\\{closure}(Object(Illuminate\\Http\\Request))
#14 /home/vagrant/code/htest/gettiilite/vendor/laravel/framework/src/Illuminate/Foundation/Http/Middleware/VerifyCsrfToken.php(68): Illuminate\\Routing\\Pipeline->Illuminate\\Routing\\{closure}(Object(Illuminate\\Http\\Request))
#15 /home/vagrant/code/htest/gettiilite/vendor/laravel/framework/src/Illuminate/Pipeline/Pipeline.php(149): Illuminate\\Foundation\\Http\\Middleware\\VerifyCsrfToken->handle(Object(Illuminate\\Http\\Request), Object(Closure))
#16 /home/vagrant/code/htest/gettiilite/vendor/laravel/framework/src/Illuminate/Routing/Pipeline.php(53): Illuminate\\Pipeline\\Pipeline->Illuminate\\Pipeline\\{closure}(Object(Illuminate\\Http\\Request))
#17 /home/vagrant/code/htest/gettiilite/vendor/laravel/framework/src/Illuminate/View/Middleware/ShareErrorsFromSession.php(49): Illuminate\\Routing\\Pipeline->Illuminate\\Routing\\{closure}(Object(Illuminate\\Http\\Request))
#18 /home/vagrant/code/htest/gettiilite/vendor/laravel/framework/src/Illuminate/Pipeline/Pipeline.php(149): Illuminate\\View\\Middleware\\ShareErrorsFromSession->handle(Object(Illuminate\\Http\\Request), Object(Closure))
#19 /home/vagrant/code/htest/gettiilite/vendor/laravel/framework/src/Illuminate/Routing/Pipeline.php(53): Illuminate\\Pipeline\\Pipeline->Illuminate\\Pipeline\\{closure}(Object(Illuminate\\Http\\Request))
#20 /home/vagrant/code/htest/gettiilite/vendor/laravel/framework/src/Illuminate/Session/Middleware/StartSession.php(63): Illuminate\\Routing\\Pipeline->Illuminate\\Routing\\{closure}(Object(Illuminate\\Http\\Request))
#21 /home/vagrant/code/htest/gettiilite/vendor/laravel/framework/src/Illuminate/Pipeline/Pipeline.php(149): Illuminate\\Session\\Middleware\\StartSession->handle(Object(Illuminate\\Http\\Request), Object(Closure))
#22 /home/vagrant/code/htest/gettiilite/vendor/laravel/framework/src/Illuminate/Routing/Pipeline.php(53): Illuminate\\Pipeline\\Pipeline->Illuminate\\Pipeline\\{closure}(Object(Illuminate\\Http\\Request))
#23 /home/vagrant/code/htest/gettiilite/vendor/laravel/framework/src/Illuminate/Cookie/Middleware/AddQueuedCookiesToResponse.php(37): Illuminate\\Routing\\Pipeline->Illuminate\\Routing\\{closure}(Object(Illuminate\\Http\\Request))
#24 /home/vagrant/code/htest/gettiilite/vendor/laravel/framework/src/Illuminate/Pipeline/Pipeline.php(149): Illuminate\\Cookie\\Middleware\\AddQueuedCookiesToResponse->handle(Object(Illuminate\\Http\\Request), Object(Closure))
#25 /home/vagrant/code/htest/gettiilite/vendor/laravel/framework/src/Illuminate/Routing/Pipeline.php(53): Illuminate\\Pipeline\\Pipeline->Illuminate\\Pipeline\\{closure}(Object(Illuminate\\Http\\Request))
#26 /home/vagrant/code/htest/gettiilite/vendor/laravel/framework/src/Illuminate/Cookie/Middleware/EncryptCookies.php(68): Illuminate\\Routing\\Pipeline->Illuminate\\Routing\\{closure}(Object(Illuminate\\Http\\Request))
#27 /home/vagrant/code/htest/gettiilite/vendor/laravel/framework/src/Illuminate/Pipeline/Pipeline.php(149): Illuminate\\Cookie\\Middleware\\EncryptCookies->handle(Object(Illuminate\\Http\\Request), Object(Closure))
#28 /home/vagrant/code/htest/gettiilite/vendor/laravel/framework/src/Illuminate/Routing/Pipeline.php(53): Illuminate\\Pipeline\\Pipeline->Illuminate\\Pipeline\\{closure}(Object(Illuminate\\Http\\Request))
#29 /home/vagrant/code/htest/gettiilite/vendor/laravel/framework/src/Illuminate/Pipeline/Pipeline.php(102): Illuminate\\Routing\\Pipeline->Illuminate\\Routing\\{closure}(Object(Illuminate\\Http\\Request))
#30 /home/vagrant/code/htest/gettiilite/vendor/laravel/framework/src/Illuminate/Routing/Router.php(660): Illuminate\\Pipeline\\Pipeline->then(Object(Closure))
#31 /home/vagrant/code/htest/gettiilite/vendor/laravel/framework/src/Illuminate/Routing/Router.php(635): Illuminate\\Routing\\Router->runRouteWithinStack(Object(Illuminate\\Routing\\Route), Object(Illuminate\\Http\\Request))
#32 /home/vagrant/code/htest/gettiilite/vendor/laravel/framework/src/Illuminate/Routing/Router.php(601): Illuminate\\Routing\\Router->runRoute(Object(Illuminate\\Http\\Request), Object(Illuminate\\Routing\\Route))
#33 /home/vagrant/code/htest/gettiilite/vendor/laravel/framework/src/Illuminate/Routing/Router.php(590): Illuminate\\Routing\\Router->dispatchToRoute(Object(Illuminate\\Http\\Request))
#34 /home/vagrant/code/htest/gettiilite/vendor/laravel/framework/src/Illuminate/Foundation/Http/Kernel.php(176): Illuminate\\Routing\\Router->dispatch(Object(Illuminate\\Http\\Request))
#35 /home/vagrant/code/htest/gettiilite/vendor/laravel/framework/src/Illuminate/Routing/Pipeline.php(30): Illuminate\\Foundation\\Http\\Kernel->Illuminate\\Foundation\\Http\\{closure}(Object(Illuminate\\Http\\Request))
#36 /home/vagrant/code/htest/gettiilite/vendor/fideloper/proxy/src/TrustProxies.php(56): Illuminate\\Routing\\Pipeline->Illuminate\\Routing\\{closure}(Object(Illuminate\\Http\\Request))
#37 /home/vagrant/code/htest/gettiilite/vendor/laravel/framework/src/Illuminate/Pipeline/Pipeline.php(149): Fideloper\\Proxy\\TrustProxies->handle(Object(Illuminate\\Http\\Request), Object(Closure))
#38 /home/vagrant/code/htest/gettiilite/vendor/laravel/framework/src/Illuminate/Routing/Pipeline.php(53): Illuminate\\Pipeline\\Pipeline->Illuminate\\Pipeline\\{closure}(Object(Illuminate\\Http\\Request))
#39 /home/vagrant/code/htest/gettiilite/vendor/laravel/framework/src/Illuminate/Foundation/Http/Middleware/TransformsRequest.php(30): Illuminate\\Routing\\Pipeline->Illuminate\\Routing\\{closure}(Object(Illuminate\\Http\\Request))
#40 /home/vagrant/code/htest/gettiilite/vendor/laravel/framework/src/Illuminate/Pipeline/Pipeline.php(149): Illuminate\\Foundation\\Http\\Middleware\\TransformsRequest->handle(Object(Illuminate\\Http\\Request), Object(Closure))
#41 /home/vagrant/code/htest/gettiilite/vendor/laravel/framework/src/Illuminate/Routing/Pipeline.php(53): Illuminate\\Pipeline\\Pipeline->Illuminate\\Pipeline\\{closure}(Object(Illuminate\\Http\\Request))
#42 /home/vagrant/code/htest/gettiilite/vendor/laravel/framework/src/Illuminate/Foundation/Http/Middleware/TransformsRequest.php(30): Illuminate\\Routing\\Pipeline->Illuminate\\Routing\\{closure}(Object(Illuminate\\Http\\Request))
#43 /home/vagrant/code/htest/gettiilite/vendor/laravel/framework/src/Illuminate/Pipeline/Pipeline.php(149): Illuminate\\Foundation\\Http\\Middleware\\TransformsRequest->handle(Object(Illuminate\\Http\\Request), Object(Closure))
#44 /home/vagrant/code/htest/gettiilite/vendor/laravel/framework/src/Illuminate/Routing/Pipeline.php(53): Illuminate\\Pipeline\\Pipeline->Illuminate\\Pipeline\\{closure}(Object(Illuminate\\Http\\Request))
#45 /home/vagrant/code/htest/gettiilite/vendor/laravel/framework/src/Illuminate/Foundation/Http/Middleware/ValidatePostSize.php(27): Illuminate\\Routing\\Pipeline->Illuminate\\Routing\\{closure}(Object(Illuminate\\Http\\Request))
#46 /home/vagrant/code/htest/gettiilite/vendor/laravel/framework/src/Illuminate/Pipeline/Pipeline.php(149): Illuminate\\Foundation\\Http\\Middleware\\ValidatePostSize->handle(Object(Illuminate\\Http\\Request), Object(Closure))
#47 /home/vagrant/code/htest/gettiilite/vendor/laravel/framework/src/Illuminate/Routing/Pipeline.php(53): Illuminate\\Pipeline\\Pipeline->Illuminate\\Pipeline\\{closure}(Object(Illuminate\\Http\\Request))
#48 /home/vagrant/code/htest/gettiilite/vendor/laravel/framework/src/Illuminate/Foundation/Http/Middleware/CheckForMaintenanceMode.php(46): Illuminate\\Routing\\Pipeline->Illuminate\\Routing\\{closure}(Object(Illuminate\\Http\\Request))
#49 /home/vagrant/code/htest/gettiilite/vendor/laravel/framework/src/Illuminate/Pipeline/Pipeline.php(149): Illuminate\\Foundation\\Http\\Middleware\\CheckForMaintenanceMode->handle(Object(Illuminate\\Http\\Request), Object(Closure))
#50 /home/vagrant/code/htest/gettiilite/vendor/laravel/framework/src/Illuminate/Routing/Pipeline.php(53): Illuminate\\Pipeline\\Pipeline->Illuminate\\Pipeline\\{closure}(Object(Illuminate\\Http\\Request))
#51 /home/vagrant/code/htest/gettiilite/vendor/laravel/framework/src/Illuminate/Pipeline/Pipeline.php(102): Illuminate\\Routing\\Pipeline->Illuminate\\Routing\\{closure}(Object(Illuminate\\Http\\Request))
#52 /home/vagrant/code/htest/gettiilite/vendor/laravel/framework/src/Illuminate/Foundation/Http/Kernel.php(151): Illuminate\\Pipeline\\Pipeline->then(Object(Closure))
#53 /home/vagrant/code/htest/gettiilite/vendor/laravel/framework/src/Illuminate/Foundation/Http/Kernel.php(116): Illuminate\\Foundation\\Http\\Kernel->sendRequestThroughRouter(Object(Illuminate\\Http\\Request))
#54 /home/vagrant/code/htest/gettiilite/public/index.php(55): Illuminate\\Foundation\\Http\\Kernel->handle(Object(Illuminate\\Http\\Request))
#55 {main}
"} 
[2021-07-24 14:10:45] production.DEBUG: [edit]The data from DB  
[2021-07-24 14:10:52] production.DEBUG: has  
[2021-07-24 14:16:11] production.DEBUG: [edit]The data from DB  
[2021-07-24 14:16:17] production.DEBUG: has  
[2021-07-24 14:17:52] production.DEBUG: [edit]The data from DB  
[2021-07-24 14:17:59] production.DEBUG: has  
[2021-07-24 14:19:11] production.DEBUG: [edit]The data from DB  
[2021-07-24 14:19:17] production.DEBUG: has  
[2021-07-24 14:22:02] production.DEBUG: [edit]The data from DB  
[2021-07-24 14:22:09] production.DEBUG: has  
[2021-07-24 14:23:23] production.DEBUG: [edit]The data from DB  
[2021-07-24 14:23:30] production.DEBUG: has  
[2021-07-24 14:29:48] production.DEBUG: [edit]The data from DB  
[2021-07-24 14:29:55] production.DEBUG: has  
[2021-07-24 14:30:20] production.DEBUG: [edit]The data from DB  
[2021-07-24 14:30:27] production.DEBUG: has  
[2021-07-24 14:31:05] production.DEBUG: [edit]The data from DB  
[2021-07-24 14:31:12] production.DEBUG: has  
[2021-07-24 14:31:57] production.DEBUG: [edit]The data from DB  
[2021-07-24 14:32:04] production.DEBUG: has  
[2021-07-24 14:33:00] production.DEBUG: [edit]The data from DB  
[2021-07-24 14:33:07] production.DEBUG: has  
[2021-07-24 14:34:38] production.DEBUG: [edit]The data from DB  
[2021-07-24 14:34:45] production.DEBUG: has  
[2021-07-24 14:49:45] production.DEBUG: [edit]The data from DB  
[2021-07-24 14:49:52] production.DEBUG: has  
[2021-07-24 14:55:38] production.DEBUG: [edit]The data from DB  
[2021-07-24 14:55:45] production.DEBUG: has  
[2021-07-24 15:01:38] production.DEBUG: [edit]The data from DB  
[2021-07-24 15:01:45] production.DEBUG: has  
[2021-07-24 15:02:27] production.DEBUG: [edit]The data from DB  
[2021-07-24 15:02:34] production.DEBUG: has  
[2021-07-24 15:04:33] production.DEBUG: [edit]The data from DB  
[2021-07-24 15:04:40] production.DEBUG: has  
[2021-07-24 15:06:04] production.DEBUG: [edit]The data from DB  
[2021-07-24 15:06:10] production.DEBUG: has  
[2021-07-24 15:11:20] production.DEBUG: [edit]The data from DB  
[2021-07-24 15:11:27] production.DEBUG: has  
[2021-07-24 15:13:30] production.DEBUG: [edit]The data from DB  
[2021-07-24 15:13:36] production.DEBUG: has  
[2021-07-24 15:14:38] production.DEBUG: [edit]The data from DB  
[2021-07-24 15:14:44] production.DEBUG: has  
[2021-07-24 15:19:00] production.DEBUG: [edit]The data from DB  
[2021-07-24 15:19:06] production.DEBUG: has  
[2021-07-24 15:20:45] production.DEBUG: [edit]The data from DB  
[2021-07-24 15:20:52] production.DEBUG: has  
[2021-07-24 15:22:17] production.DEBUG: [edit]The data from DB  
[2021-07-24 15:22:23] production.DEBUG: has  
[2021-07-24 15:22:37] production.DEBUG: [edit]The data from DB  
[2021-07-24 15:22:44] production.DEBUG: has  
[2021-07-24 15:23:36] production.DEBUG: [edit]The data from DB  
[2021-07-24 15:23:43] production.DEBUG: has  
[2021-07-24 15:25:12] production.DEBUG: [edit]The data from DB  
[2021-07-24 15:25:19] production.DEBUG: has  
[2021-07-24 15:26:10] production.DEBUG: [edit]The data from DB  
[2021-07-24 15:26:17] production.DEBUG: has  
[2021-07-24 15:27:38] production.DEBUG: [edit]The data from DB  
[2021-07-24 15:27:45] production.DEBUG: has  
[2021-07-24 15:29:03] production.DEBUG: [edit]The data from DB  
[2021-07-24 15:29:10] production.DEBUG: has  
[2021-07-24 15:33:21] production.DEBUG: [edit]The data from DB  
[2021-07-24 15:33:27] production.DEBUG: has  
[2021-07-24 15:36:11] production.DEBUG: [edit]The data from DB  
[2021-07-24 15:36:17] production.DEBUG: has  
[2021-07-24 15:37:49] production.DEBUG: [edit]The data from DB  
[2021-07-24 15:37:55] production.DEBUG: has  
[2021-07-24 15:45:45] production.DEBUG: [edit]The data from DB  
[2021-07-24 15:45:51] production.DEBUG: has  
[2021-07-24 15:49:34] production.DEBUG: [edit]The data from DB  
[2021-07-24 15:49:41] production.DEBUG: has  
[2021-07-24 15:55:35] production.DEBUG: [edit]The data from DB  
[2021-07-24 15:55:42] production.DEBUG: has  
[2021-07-24 16:01:26] production.DEBUG: [edit]The data from DB  
[2021-07-24 16:01:33] production.DEBUG: has  
[2021-07-24 16:03:34] production.DEBUG: [edit]The data from DB  
[2021-07-24 16:03:41] production.DEBUG: has  
[2021-07-24 16:13:01] production.DEBUG: [edit]The data from DB  
[2021-07-24 16:13:08] production.DEBUG: has  
[2021-07-24 16:15:43] production.DEBUG: [EventController] update  
[2021-07-24 16:15:43] production.DEBUG: ***(normal)ステージ未設定***  
[2021-07-24 16:15:43] production.DEBUG: ***先行or一般or当日未入力***  
[2021-07-24 16:15:43] production.DEBUG: ***席種・券種未設定***  
[2021-07-24 16:15:43] production.DEBUG: *** クレジットカード支払い-引取方法未入力  ***  
[2021-07-24 16:15:43] production.DEBUG: *** 座席図未登録 ***  
[2021-07-24 16:15:43] production.DEBUG: *** 指定席または自由席設定なし ***  
[2021-07-24 16:15:43] production.DEBUG: *** sales_term_status  ***  
[2021-07-24 16:15:43] production.DEBUG: false  
[2021-07-24 16:15:43] production.DEBUG: *** ticket_seat_status  ***  
[2021-07-24 16:15:43] production.DEBUG: 0  
[2021-07-24 16:15:43] production.DEBUG: *** PERFORMANCE STATUS ***  
[2021-07-24 16:15:43] production.DEBUG: 0  
[2021-07-24 16:16:01] production.DEBUG: [EventController] update  
[2021-07-24 16:16:01] production.DEBUG: ***(normal)ステージ未設定***  
[2021-07-24 16:16:01] production.DEBUG: ***先行or一般or当日未入力***  
[2021-07-24 16:16:01] production.DEBUG: ***席種・券種未設定***  
[2021-07-24 16:16:01] production.DEBUG: *** クレジットカード支払い-引取方法未入力  ***  
[2021-07-24 16:16:01] production.DEBUG: *** 座席図未登録 ***  
[2021-07-24 16:16:01] production.DEBUG: *** 指定席または自由席設定なし ***  
[2021-07-24 16:16:01] production.DEBUG: *** sales_term_status  ***  
[2021-07-24 16:16:01] production.DEBUG: false  
[2021-07-24 16:16:01] production.DEBUG: *** ticket_seat_status  ***  
[2021-07-24 16:16:01] production.DEBUG: 0  
[2021-07-24 16:16:01] production.DEBUG: *** PERFORMANCE STATUS ***  
[2021-07-24 16:16:01] production.DEBUG: 0  
[2021-07-24 16:16:01] production.DEBUG: [EventCpntroller] _validationCheck fail.  
[2021-07-24 16:16:02] production.DEBUG: [edit]It is old data  
[2021-07-24 16:20:08] production.DEBUG: [edit]The data from DB  
[2021-07-24 16:20:14] production.DEBUG: has  
[2021-07-24 16:21:21] production.DEBUG: [edit]The data from DB  
[2021-07-24 16:21:27] production.DEBUG: has  
[2021-07-24 16:23:33] production.DEBUG: [edit]The data from DB  
[2021-07-24 16:23:40] production.DEBUG: has  
