[2021-09-08 09:55:42] production.ERROR: Undefined index: jsonRepo {"exception":"[object] (ErrorException(code: 0): Undefined index: jsonRepo at C:\\Users\\Admin\\Downloads\\GettiiLite_48.2\\GettiiLite\\app\\Http\\Middleware\\CheckScheduleId.php:38)
[stacktrace]
#0 C:\\Users\\Admin\\Downloads\\GettiiLite_48.2\\GettiiLite\\app\\Http\\Middleware\\CheckScheduleId.php(38): Illuminate\\Foundation\\Bootstrap\\HandleExceptions->handleError(8, 'Undefined index...', 'C:\\\\Users\\\\Admin\\\\...', 38, Array)
#1 C:\\Users\\Admin\\Downloads\\GettiiLite_48.2\\GettiiLite\\vendor\\laravel\\framework\\src\\Illuminate\\Pipeline\\Pipeline.php(149): App\\Http\\Middleware\\CheckScheduleId->handle(Object(Illuminate\\Http\\Request), Object(Closure))
#2 C:\\Users\\Admin\\Downloads\\GettiiLite_48.2\\GettiiLite\\vendor\\laravel\\framework\\src\\Illuminate\\Routing\\Pipeline.php(53): Illuminate\\Pipeline\\Pipeline->Illuminate\\Pipeline\\{closure}(Object(Illuminate\\Http\\Request))
#3 C:\\Users\\Admin\\Downloads\\GettiiLite_48.2\\GettiiLite\\app\\Http\\Middleware\\CheckSalesInfoAuthority.php(23): Illuminate\\Routing\\Pipeline->Illuminate\\Routing\\{closure}(Object(Illuminate\\Http\\Request))
#4 C:\\Users\\Admin\\Downloads\\GettiiLite_48.2\\GettiiLite\\vendor\\laravel\\framework\\src\\Illuminate\\Pipeline\\Pipeline.php(149): App\\Http\\Middleware\\CheckSalesInfoAuthority->handle(Object(Illuminate\\Http\\Request), Object(Closure))
#5 C:\\Users\\Admin\\Downloads\\GettiiLite_48.2\\GettiiLite\\vendor\\laravel\\framework\\src\\Illuminate\\Routing\\Pipeline.php(53): Illuminate\\Pipeline\\Pipeline->Illuminate\\Pipeline\\{closure}(Object(Illuminate\\Http\\Request))
#6 C:\\Users\\Admin\\Downloads\\GettiiLite_48.2\\GettiiLite\\app\\Http\\Middleware\\CheckLogin.php(38): Illuminate\\Routing\\Pipeline->Illuminate\\Routing\\{closure}(Object(Illuminate\\Http\\Request))
#7 C:\\Users\\Admin\\Downloads\\GettiiLite_48.2\\GettiiLite\\vendor\\laravel\\framework\\src\\Illuminate\\Pipeline\\Pipeline.php(149): App\\Http\\Middleware\\CheckLogin->handle(Object(Illuminate\\Http\\Request), Object(Closure))
#8 C:\\Users\\Admin\\Downloads\\GettiiLite_48.2\\GettiiLite\\vendor\\laravel\\framework\\src\\Illuminate\\Routing\\Pipeline.php(53): Illuminate\\Pipeline\\Pipeline->Illuminate\\Pipeline\\{closure}(Object(Illuminate\\Http\\Request))
#9 C:\\Users\\Admin\\Downloads\\GettiiLite_48.2\\GettiiLite\\vendor\\laravel\\framework\\src\\Illuminate\\Routing\\Middleware\\SubstituteBindings.php(41): Illuminate\\Routing\\Pipeline->Illuminate\\Routing\\{closure}(Object(Illuminate\\Http\\Request))
#10 C:\\Users\\Admin\\Downloads\\GettiiLite_48.2\\GettiiLite\\vendor\\laravel\\framework\\src\\Illuminate\\Pipeline\\Pipeline.php(149): Illuminate\\Routing\\Middleware\\SubstituteBindings->handle(Object(Illuminate\\Http\\Request), Object(Closure))
#11 C:\\Users\\Admin\\Downloads\\GettiiLite_48.2\\GettiiLite\\vendor\\laravel\\framework\\src\\Illuminate\\Routing\\Pipeline.php(53): Illuminate\\Pipeline\\Pipeline->Illuminate\\Pipeline\\{closure}(Object(Illuminate\\Http\\Request))
#12 C:\\Users\\Admin\\Downloads\\GettiiLite_48.2\\GettiiLite\\vendor\\laravel\\framework\\src\\Illuminate\\Foundation\\Http\\Middleware\\VerifyCsrfToken.php(68): Illuminate\\Routing\\Pipeline->Illuminate\\Routing\\{closure}(Object(Illuminate\\Http\\Request))
#13 C:\\Users\\Admin\\Downloads\\GettiiLite_48.2\\GettiiLite\\vendor\\laravel\\framework\\src\\Illuminate\\Pipeline\\Pipeline.php(149): Illuminate\\Foundation\\Http\\Middleware\\VerifyCsrfToken->handle(Object(Illuminate\\Http\\Request), Object(Closure))
#14 C:\\Users\\Admin\\Downloads\\GettiiLite_48.2\\GettiiLite\\vendor\\laravel\\framework\\src\\Illuminate\\Routing\\Pipeline.php(53): Illuminate\\Pipeline\\Pipeline->Illuminate\\Pipeline\\{closure}(Object(Illuminate\\Http\\Request))
#15 C:\\Users\\Admin\\Downloads\\GettiiLite_48.2\\GettiiLite\\vendor\\laravel\\framework\\src\\Illuminate\\View\\Middleware\\ShareErrorsFromSession.php(49): Illuminate\\Routing\\Pipeline->Illuminate\\Routing\\{closure}(Object(Illuminate\\Http\\Request))
#16 C:\\Users\\Admin\\Downloads\\GettiiLite_48.2\\GettiiLite\\vendor\\laravel\\framework\\src\\Illuminate\\Pipeline\\Pipeline.php(149): Illuminate\\View\\Middleware\\ShareErrorsFromSession->handle(Object(Illuminate\\Http\\Request), Object(Closure))
#17 C:\\Users\\Admin\\Downloads\\GettiiLite_48.2\\GettiiLite\\vendor\\laravel\\framework\\src\\Illuminate\\Routing\\Pipeline.php(53): Illuminate\\Pipeline\\Pipeline->Illuminate\\Pipeline\\{closure}(Object(Illuminate\\Http\\Request))
#18 C:\\Users\\Admin\\Downloads\\GettiiLite_48.2\\GettiiLite\\vendor\\laravel\\framework\\src\\Illuminate\\Session\\Middleware\\StartSession.php(63): Illuminate\\Routing\\Pipeline->Illuminate\\Routing\\{closure}(Object(Illuminate\\Http\\Request))
#19 C:\\Users\\Admin\\Downloads\\GettiiLite_48.2\\GettiiLite\\vendor\\laravel\\framework\\src\\Illuminate\\Pipeline\\Pipeline.php(149): Illuminate\\Session\\Middleware\\StartSession->handle(Object(Illuminate\\Http\\Request), Object(Closure))
#20 C:\\Users\\Admin\\Downloads\\GettiiLite_48.2\\GettiiLite\\vendor\\laravel\\framework\\src\\Illuminate\\Routing\\Pipeline.php(53): Illuminate\\Pipeline\\Pipeline->Illuminate\\Pipeline\\{closure}(Object(Illuminate\\Http\\Request))
#21 C:\\Users\\Admin\\Downloads\\GettiiLite_48.2\\GettiiLite\\vendor\\laravel\\framework\\src\\Illuminate\\Cookie\\Middleware\\AddQueuedCookiesToResponse.php(37): Illuminate\\Routing\\Pipeline->Illuminate\\Routing\\{closure}(Object(Illuminate\\Http\\Request))
#22 C:\\Users\\Admin\\Downloads\\GettiiLite_48.2\\GettiiLite\\vendor\\laravel\\framework\\src\\Illuminate\\Pipeline\\Pipeline.php(149): Illuminate\\Cookie\\Middleware\\AddQueuedCookiesToResponse->handle(Object(Illuminate\\Http\\Request), Object(Closure))
#23 C:\\Users\\Admin\\Downloads\\GettiiLite_48.2\\GettiiLite\\vendor\\laravel\\framework\\src\\Illuminate\\Routing\\Pipeline.php(53): Illuminate\\Pipeline\\Pipeline->Illuminate\\Pipeline\\{closure}(Object(Illuminate\\Http\\Request))
#24 C:\\Users\\Admin\\Downloads\\GettiiLite_48.2\\GettiiLite\\vendor\\laravel\\framework\\src\\Illuminate\\Cookie\\Middleware\\EncryptCookies.php(68): Illuminate\\Routing\\Pipeline->Illuminate\\Routing\\{closure}(Object(Illuminate\\Http\\Request))
#25 C:\\Users\\Admin\\Downloads\\GettiiLite_48.2\\GettiiLite\\vendor\\laravel\\framework\\src\\Illuminate\\Pipeline\\Pipeline.php(149): Illuminate\\Cookie\\Middleware\\EncryptCookies->handle(Object(Illuminate\\Http\\Request), Object(Closure))
#26 C:\\Users\\Admin\\Downloads\\GettiiLite_48.2\\GettiiLite\\vendor\\laravel\\framework\\src\\Illuminate\\Routing\\Pipeline.php(53): Illuminate\\Pipeline\\Pipeline->Illuminate\\Pipeline\\{closure}(Object(Illuminate\\Http\\Request))
#27 C:\\Users\\Admin\\Downloads\\GettiiLite_48.2\\GettiiLite\\vendor\\laravel\\framework\\src\\Illuminate\\Pipeline\\Pipeline.php(102): Illuminate\\Routing\\Pipeline->Illuminate\\Routing\\{closure}(Object(Illuminate\\Http\\Request))
#28 C:\\Users\\Admin\\Downloads\\GettiiLite_48.2\\GettiiLite\\vendor\\laravel\\framework\\src\\Illuminate\\Routing\\Router.php(660): Illuminate\\Pipeline\\Pipeline->then(Object(Closure))
#29 C:\\Users\\Admin\\Downloads\\GettiiLite_48.2\\GettiiLite\\vendor\\laravel\\framework\\src\\Illuminate\\Routing\\Router.php(635): Illuminate\\Routing\\Router->runRouteWithinStack(Object(Illuminate\\Routing\\Route), Object(Illuminate\\Http\\Request))
#30 C:\\Users\\Admin\\Downloads\\GettiiLite_48.2\\GettiiLite\\vendor\\laravel\\framework\\src\\Illuminate\\Routing\\Router.php(601): Illuminate\\Routing\\Router->runRoute(Object(Illuminate\\Http\\Request), Object(Illuminate\\Routing\\Route))
#31 C:\\Users\\Admin\\Downloads\\GettiiLite_48.2\\GettiiLite\\vendor\\laravel\\framework\\src\\Illuminate\\Routing\\Router.php(590): Illuminate\\Routing\\Router->dispatchToRoute(Object(Illuminate\\Http\\Request))
#32 C:\\Users\\Admin\\Downloads\\GettiiLite_48.2\\GettiiLite\\vendor\\laravel\\framework\\src\\Illuminate\\Foundation\\Http\\Kernel.php(176): Illuminate\\Routing\\Router->dispatch(Object(Illuminate\\Http\\Request))
#33 C:\\Users\\Admin\\Downloads\\GettiiLite_48.2\\GettiiLite\\vendor\\laravel\\framework\\src\\Illuminate\\Routing\\Pipeline.php(30): Illuminate\\Foundation\\Http\\Kernel->Illuminate\\Foundation\\Http\\{closure}(Object(Illuminate\\Http\\Request))
#34 C:\\Users\\Admin\\Downloads\\GettiiLite_48.2\\GettiiLite\\vendor\\fideloper\\proxy\\src\\TrustProxies.php(56): Illuminate\\Routing\\Pipeline->Illuminate\\Routing\\{closure}(Object(Illuminate\\Http\\Request))
#35 C:\\Users\\Admin\\Downloads\\GettiiLite_48.2\\GettiiLite\\vendor\\laravel\\framework\\src\\Illuminate\\Pipeline\\Pipeline.php(149): Fideloper\\Proxy\\TrustProxies->handle(Object(Illuminate\\Http\\Request), Object(Closure))
#36 C:\\Users\\Admin\\Downloads\\GettiiLite_48.2\\GettiiLite\\vendor\\laravel\\framework\\src\\Illuminate\\Routing\\Pipeline.php(53): Illuminate\\Pipeline\\Pipeline->Illuminate\\Pipeline\\{closure}(Object(Illuminate\\Http\\Request))
#37 C:\\Users\\Admin\\Downloads\\GettiiLite_48.2\\GettiiLite\\vendor\\laravel\\framework\\src\\Illuminate\\Foundation\\Http\\Middleware\\TransformsRequest.php(30): Illuminate\\Routing\\Pipeline->Illuminate\\Routing\\{closure}(Object(Illuminate\\Http\\Request))
#38 C:\\Users\\Admin\\Downloads\\GettiiLite_48.2\\GettiiLite\\vendor\\laravel\\framework\\src\\Illuminate\\Pipeline\\Pipeline.php(149): Illuminate\\Foundation\\Http\\Middleware\\TransformsRequest->handle(Object(Illuminate\\Http\\Request), Object(Closure))
#39 C:\\Users\\Admin\\Downloads\\GettiiLite_48.2\\GettiiLite\\vendor\\laravel\\framework\\src\\Illuminate\\Routing\\Pipeline.php(53): Illuminate\\Pipeline\\Pipeline->Illuminate\\Pipeline\\{closure}(Object(Illuminate\\Http\\Request))
#40 C:\\Users\\Admin\\Downloads\\GettiiLite_48.2\\GettiiLite\\vendor\\laravel\\framework\\src\\Illuminate\\Foundation\\Http\\Middleware\\TransformsRequest.php(30): Illuminate\\Routing\\Pipeline->Illuminate\\Routing\\{closure}(Object(Illuminate\\Http\\Request))
#41 C:\\Users\\Admin\\Downloads\\GettiiLite_48.2\\GettiiLite\\vendor\\laravel\\framework\\src\\Illuminate\\Pipeline\\Pipeline.php(149): Illuminate\\Foundation\\Http\\Middleware\\TransformsRequest->handle(Object(Illuminate\\Http\\Request), Object(Closure))
#42 C:\\Users\\Admin\\Downloads\\GettiiLite_48.2\\GettiiLite\\vendor\\laravel\\framework\\src\\Illuminate\\Routing\\Pipeline.php(53): Illuminate\\Pipeline\\Pipeline->Illuminate\\Pipeline\\{closure}(Object(Illuminate\\Http\\Request))
#43 C:\\Users\\Admin\\Downloads\\GettiiLite_48.2\\GettiiLite\\vendor\\laravel\\framework\\src\\Illuminate\\Foundation\\Http\\Middleware\\ValidatePostSize.php(27): Illuminate\\Routing\\Pipeline->Illuminate\\Routing\\{closure}(Object(Illuminate\\Http\\Request))
#44 C:\\Users\\Admin\\Downloads\\GettiiLite_48.2\\GettiiLite\\vendor\\laravel\\framework\\src\\Illuminate\\Pipeline\\Pipeline.php(149): Illuminate\\Foundation\\Http\\Middleware\\ValidatePostSize->handle(Object(Illuminate\\Http\\Request), Object(Closure))
#45 C:\\Users\\Admin\\Downloads\\GettiiLite_48.2\\GettiiLite\\vendor\\laravel\\framework\\src\\Illuminate\\Routing\\Pipeline.php(53): Illuminate\\Pipeline\\Pipeline->Illuminate\\Pipeline\\{closure}(Object(Illuminate\\Http\\Request))
#46 C:\\Users\\Admin\\Downloads\\GettiiLite_48.2\\GettiiLite\\vendor\\laravel\\framework\\src\\Illuminate\\Foundation\\Http\\Middleware\\CheckForMaintenanceMode.php(46): Illuminate\\Routing\\Pipeline->Illuminate\\Routing\\{closure}(Object(Illuminate\\Http\\Request))
#47 C:\\Users\\Admin\\Downloads\\GettiiLite_48.2\\GettiiLite\\vendor\\laravel\\framework\\src\\Illuminate\\Pipeline\\Pipeline.php(149): Illuminate\\Foundation\\Http\\Middleware\\CheckForMaintenanceMode->handle(Object(Illuminate\\Http\\Request), Object(Closure))
#48 C:\\Users\\Admin\\Downloads\\GettiiLite_48.2\\GettiiLite\\vendor\\laravel\\framework\\src\\Illuminate\\Routing\\Pipeline.php(53): Illuminate\\Pipeline\\Pipeline->Illuminate\\Pipeline\\{closure}(Object(Illuminate\\Http\\Request))
#49 C:\\Users\\Admin\\Downloads\\GettiiLite_48.2\\GettiiLite\\vendor\\laravel\\framework\\src\\Illuminate\\Pipeline\\Pipeline.php(102): Illuminate\\Routing\\Pipeline->Illuminate\\Routing\\{closure}(Object(Illuminate\\Http\\Request))
#50 C:\\Users\\Admin\\Downloads\\GettiiLite_48.2\\GettiiLite\\vendor\\laravel\\framework\\src\\Illuminate\\Foundation\\Http\\Kernel.php(151): Illuminate\\Pipeline\\Pipeline->then(Object(Closure))
#51 C:\\Users\\Admin\\Downloads\\GettiiLite_48.2\\GettiiLite\\vendor\\laravel\\framework\\src\\Illuminate\\Foundation\\Http\\Kernel.php(116): Illuminate\\Foundation\\Http\\Kernel->sendRequestThroughRouter(Object(Illuminate\\Http\\Request))
#52 C:\\Users\\Admin\\Downloads\\GettiiLite_48.2\\GettiiLite\\public\\index.php(55): Illuminate\\Foundation\\Http\\Kernel->handle(Object(Illuminate\\Http\\Request))
#53 C:\\Users\\Admin\\Downloads\\GettiiLite_48.2\\GettiiLite\\server.php(21): require_once('C:\\\\Users\\\\Admin\\\\...')
#54 {main}
"} 
[2021-09-08 10:15:23] production.ERROR: Session store not set on request. {"exception":"[object] (RuntimeException(code: 0): Session store not set on request. at C:\\Users\\Admin\\Downloads\\GettiiLite_48.2\\GettiiLite\\vendor\\laravel\\framework\\src\\Illuminate\\Http\\Request.php:419)
[stacktrace]
#0 C:\\Users\\Admin\\Downloads\\GettiiLite_48.2\\GettiiLite\\app\\Http\\Middleware\\CheckScheduleId.php(36): Illuminate\\Http\\Request->session()
#1 C:\\Users\\Admin\\Downloads\\GettiiLite_48.2\\GettiiLite\\vendor\\laravel\\framework\\src\\Illuminate\\Pipeline\\Pipeline.php(149): App\\Http\\Middleware\\CheckScheduleId->handle(Object(Illuminate\\Http\\Request), Object(Closure))
#2 C:\\Users\\Admin\\Downloads\\GettiiLite_48.2\\GettiiLite\\vendor\\laravel\\framework\\src\\Illuminate\\Routing\\Pipeline.php(53): Illuminate\\Pipeline\\Pipeline->Illuminate\\Pipeline\\{closure}(Object(Illuminate\\Http\\Request))
#3 C:\\Users\\Admin\\Downloads\\GettiiLite_48.2\\GettiiLite\\vendor\\laravel\\framework\\src\\Illuminate\\Routing\\Middleware\\SubstituteBindings.php(41): Illuminate\\Routing\\Pipeline->Illuminate\\Routing\\{closure}(Object(Illuminate\\Http\\Request))
#4 C:\\Users\\Admin\\Downloads\\GettiiLite_48.2\\GettiiLite\\vendor\\laravel\\framework\\src\\Illuminate\\Pipeline\\Pipeline.php(149): Illuminate\\Routing\\Middleware\\SubstituteBindings->handle(Object(Illuminate\\Http\\Request), Object(Closure))
#5 C:\\Users\\Admin\\Downloads\\GettiiLite_48.2\\GettiiLite\\vendor\\laravel\\framework\\src\\Illuminate\\Routing\\Pipeline.php(53): Illuminate\\Pipeline\\Pipeline->Illuminate\\Pipeline\\{closure}(Object(Illuminate\\Http\\Request))
#6 C:\\Users\\Admin\\Downloads\\GettiiLite_48.2\\GettiiLite\\vendor\\laravel\\framework\\src\\Illuminate\\Routing\\Middleware\\ThrottleRequests.php(57): Illuminate\\Routing\\Pipeline->Illuminate\\Routing\\{closure}(Object(Illuminate\\Http\\Request))
#7 C:\\Users\\Admin\\Downloads\\GettiiLite_48.2\\GettiiLite\\vendor\\laravel\\framework\\src\\Illuminate\\Pipeline\\Pipeline.php(149): Illuminate\\Routing\\Middleware\\ThrottleRequests->handle(Object(Illuminate\\Http\\Request), Object(Closure), 60, '1')
#8 C:\\Users\\Admin\\Downloads\\GettiiLite_48.2\\GettiiLite\\vendor\\laravel\\framework\\src\\Illuminate\\Routing\\Pipeline.php(53): Illuminate\\Pipeline\\Pipeline->Illuminate\\Pipeline\\{closure}(Object(Illuminate\\Http\\Request))
#9 C:\\Users\\Admin\\Downloads\\GettiiLite_48.2\\GettiiLite\\vendor\\laravel\\framework\\src\\Illuminate\\Pipeline\\Pipeline.php(102): Illuminate\\Routing\\Pipeline->Illuminate\\Routing\\{closure}(Object(Illuminate\\Http\\Request))
#10 C:\\Users\\Admin\\Downloads\\GettiiLite_48.2\\GettiiLite\\vendor\\laravel\\framework\\src\\Illuminate\\Routing\\Router.php(660): Illuminate\\Pipeline\\Pipeline->then(Object(Closure))
#11 C:\\Users\\Admin\\Downloads\\GettiiLite_48.2\\GettiiLite\\vendor\\laravel\\framework\\src\\Illuminate\\Routing\\Router.php(635): Illuminate\\Routing\\Router->runRouteWithinStack(Object(Illuminate\\Routing\\Route), Object(Illuminate\\Http\\Request))
#12 C:\\Users\\Admin\\Downloads\\GettiiLite_48.2\\GettiiLite\\vendor\\laravel\\framework\\src\\Illuminate\\Routing\\Router.php(601): Illuminate\\Routing\\Router->runRoute(Object(Illuminate\\Http\\Request), Object(Illuminate\\Routing\\Route))
#13 C:\\Users\\Admin\\Downloads\\GettiiLite_48.2\\GettiiLite\\vendor\\laravel\\framework\\src\\Illuminate\\Routing\\Router.php(590): Illuminate\\Routing\\Router->dispatchToRoute(Object(Illuminate\\Http\\Request))
#14 C:\\Users\\Admin\\Downloads\\GettiiLite_48.2\\GettiiLite\\vendor\\laravel\\framework\\src\\Illuminate\\Foundation\\Http\\Kernel.php(176): Illuminate\\Routing\\Router->dispatch(Object(Illuminate\\Http\\Request))
#15 C:\\Users\\Admin\\Downloads\\GettiiLite_48.2\\GettiiLite\\vendor\\laravel\\framework\\src\\Illuminate\\Routing\\Pipeline.php(30): Illuminate\\Foundation\\Http\\Kernel->Illuminate\\Foundation\\Http\\{closure}(Object(Illuminate\\Http\\Request))
#16 C:\\Users\\Admin\\Downloads\\GettiiLite_48.2\\GettiiLite\\vendor\\fideloper\\proxy\\src\\TrustProxies.php(56): Illuminate\\Routing\\Pipeline->Illuminate\\Routing\\{closure}(Object(Illuminate\\Http\\Request))
#17 C:\\Users\\Admin\\Downloads\\GettiiLite_48.2\\GettiiLite\\vendor\\laravel\\framework\\src\\Illuminate\\Pipeline\\Pipeline.php(149): Fideloper\\Proxy\\TrustProxies->handle(Object(Illuminate\\Http\\Request), Object(Closure))
#18 C:\\Users\\Admin\\Downloads\\GettiiLite_48.2\\GettiiLite\\vendor\\laravel\\framework\\src\\Illuminate\\Routing\\Pipeline.php(53): Illuminate\\Pipeline\\Pipeline->Illuminate\\Pipeline\\{closure}(Object(Illuminate\\Http\\Request))
#19 C:\\Users\\Admin\\Downloads\\GettiiLite_48.2\\GettiiLite\\vendor\\laravel\\framework\\src\\Illuminate\\Foundation\\Http\\Middleware\\TransformsRequest.php(30): Illuminate\\Routing\\Pipeline->Illuminate\\Routing\\{closure}(Object(Illuminate\\Http\\Request))
#20 C:\\Users\\Admin\\Downloads\\GettiiLite_48.2\\GettiiLite\\vendor\\laravel\\framework\\src\\Illuminate\\Pipeline\\Pipeline.php(149): Illuminate\\Foundation\\Http\\Middleware\\TransformsRequest->handle(Object(Illuminate\\Http\\Request), Object(Closure))
#21 C:\\Users\\Admin\\Downloads\\GettiiLite_48.2\\GettiiLite\\vendor\\laravel\\framework\\src\\Illuminate\\Routing\\Pipeline.php(53): Illuminate\\Pipeline\\Pipeline->Illuminate\\Pipeline\\{closure}(Object(Illuminate\\Http\\Request))
#22 C:\\Users\\Admin\\Downloads\\GettiiLite_48.2\\GettiiLite\\vendor\\laravel\\framework\\src\\Illuminate\\Foundation\\Http\\Middleware\\TransformsRequest.php(30): Illuminate\\Routing\\Pipeline->Illuminate\\Routing\\{closure}(Object(Illuminate\\Http\\Request))
#23 C:\\Users\\Admin\\Downloads\\GettiiLite_48.2\\GettiiLite\\vendor\\laravel\\framework\\src\\Illuminate\\Pipeline\\Pipeline.php(149): Illuminate\\Foundation\\Http\\Middleware\\TransformsRequest->handle(Object(Illuminate\\Http\\Request), Object(Closure))
#24 C:\\Users\\Admin\\Downloads\\GettiiLite_48.2\\GettiiLite\\vendor\\laravel\\framework\\src\\Illuminate\\Routing\\Pipeline.php(53): Illuminate\\Pipeline\\Pipeline->Illuminate\\Pipeline\\{closure}(Object(Illuminate\\Http\\Request))
#25 C:\\Users\\Admin\\Downloads\\GettiiLite_48.2\\GettiiLite\\vendor\\laravel\\framework\\src\\Illuminate\\Foundation\\Http\\Middleware\\ValidatePostSize.php(27): Illuminate\\Routing\\Pipeline->Illuminate\\Routing\\{closure}(Object(Illuminate\\Http\\Request))
#26 C:\\Users\\Admin\\Downloads\\GettiiLite_48.2\\GettiiLite\\vendor\\laravel\\framework\\src\\Illuminate\\Pipeline\\Pipeline.php(149): Illuminate\\Foundation\\Http\\Middleware\\ValidatePostSize->handle(Object(Illuminate\\Http\\Request), Object(Closure))
#27 C:\\Users\\Admin\\Downloads\\GettiiLite_48.2\\GettiiLite\\vendor\\laravel\\framework\\src\\Illuminate\\Routing\\Pipeline.php(53): Illuminate\\Pipeline\\Pipeline->Illuminate\\Pipeline\\{closure}(Object(Illuminate\\Http\\Request))
#28 C:\\Users\\Admin\\Downloads\\GettiiLite_48.2\\GettiiLite\\vendor\\laravel\\framework\\src\\Illuminate\\Foundation\\Http\\Middleware\\CheckForMaintenanceMode.php(46): Illuminate\\Routing\\Pipeline->Illuminate\\Routing\\{closure}(Object(Illuminate\\Http\\Request))
#29 C:\\Users\\Admin\\Downloads\\GettiiLite_48.2\\GettiiLite\\vendor\\laravel\\framework\\src\\Illuminate\\Pipeline\\Pipeline.php(149): Illuminate\\Foundation\\Http\\Middleware\\CheckForMaintenanceMode->handle(Object(Illuminate\\Http\\Request), Object(Closure))
#30 C:\\Users\\Admin\\Downloads\\GettiiLite_48.2\\GettiiLite\\vendor\\laravel\\framework\\src\\Illuminate\\Routing\\Pipeline.php(53): Illuminate\\Pipeline\\Pipeline->Illuminate\\Pipeline\\{closure}(Object(Illuminate\\Http\\Request))
#31 C:\\Users\\Admin\\Downloads\\GettiiLite_48.2\\GettiiLite\\vendor\\laravel\\framework\\src\\Illuminate\\Pipeline\\Pipeline.php(102): Illuminate\\Routing\\Pipeline->Illuminate\\Routing\\{closure}(Object(Illuminate\\Http\\Request))
#32 C:\\Users\\Admin\\Downloads\\GettiiLite_48.2\\GettiiLite\\vendor\\laravel\\framework\\src\\Illuminate\\Foundation\\Http\\Kernel.php(151): Illuminate\\Pipeline\\Pipeline->then(Object(Closure))
#33 C:\\Users\\Admin\\Downloads\\GettiiLite_48.2\\GettiiLite\\vendor\\laravel\\framework\\src\\Illuminate\\Foundation\\Http\\Kernel.php(116): Illuminate\\Foundation\\Http\\Kernel->sendRequestThroughRouter(Object(Illuminate\\Http\\Request))
#34 C:\\Users\\Admin\\Downloads\\GettiiLite_48.2\\GettiiLite\\public\\index.php(55): Illuminate\\Foundation\\Http\\Kernel->handle(Object(Illuminate\\Http\\Request))
#35 C:\\Users\\Admin\\Downloads\\GettiiLite_48.2\\GettiiLite\\server.php(21): require_once('C:\\\\Users\\\\Admin\\\\...')
#36 {main}
"} 
[2021-09-08 10:26:10] production.ERROR: Session store not set on request. {"exception":"[object] (RuntimeException(code: 0): Session store not set on request. at C:\\Users\\Admin\\Downloads\\GettiiLite_48.2\\GettiiLite\\vendor\\laravel\\framework\\src\\Illuminate\\Http\\Request.php:419)
[stacktrace]
#0 C:\\Users\\Admin\\Downloads\\GettiiLite_48.2\\GettiiLite\\app\\Http\\Middleware\\CheckScheduleId.php(36): Illuminate\\Http\\Request->session()
#1 C:\\Users\\Admin\\Downloads\\GettiiLite_48.2\\GettiiLite\\vendor\\laravel\\framework\\src\\Illuminate\\Pipeline\\Pipeline.php(149): App\\Http\\Middleware\\CheckScheduleId->handle(Object(Illuminate\\Http\\Request), Object(Closure))
#2 C:\\Users\\Admin\\Downloads\\GettiiLite_48.2\\GettiiLite\\vendor\\laravel\\framework\\src\\Illuminate\\Routing\\Pipeline.php(53): Illuminate\\Pipeline\\Pipeline->Illuminate\\Pipeline\\{closure}(Object(Illuminate\\Http\\Request))
#3 C:\\Users\\Admin\\Downloads\\GettiiLite_48.2\\GettiiLite\\vendor\\laravel\\framework\\src\\Illuminate\\Routing\\Middleware\\SubstituteBindings.php(41): Illuminate\\Routing\\Pipeline->Illuminate\\Routing\\{closure}(Object(Illuminate\\Http\\Request))
#4 C:\\Users\\Admin\\Downloads\\GettiiLite_48.2\\GettiiLite\\vendor\\laravel\\framework\\src\\Illuminate\\Pipeline\\Pipeline.php(149): Illuminate\\Routing\\Middleware\\SubstituteBindings->handle(Object(Illuminate\\Http\\Request), Object(Closure))
#5 C:\\Users\\Admin\\Downloads\\GettiiLite_48.2\\GettiiLite\\vendor\\laravel\\framework\\src\\Illuminate\\Routing\\Pipeline.php(53): Illuminate\\Pipeline\\Pipeline->Illuminate\\Pipeline\\{closure}(Object(Illuminate\\Http\\Request))
#6 C:\\Users\\Admin\\Downloads\\GettiiLite_48.2\\GettiiLite\\vendor\\laravel\\framework\\src\\Illuminate\\Routing\\Middleware\\ThrottleRequests.php(57): Illuminate\\Routing\\Pipeline->Illuminate\\Routing\\{closure}(Object(Illuminate\\Http\\Request))
#7 C:\\Users\\Admin\\Downloads\\GettiiLite_48.2\\GettiiLite\\vendor\\laravel\\framework\\src\\Illuminate\\Pipeline\\Pipeline.php(149): Illuminate\\Routing\\Middleware\\ThrottleRequests->handle(Object(Illuminate\\Http\\Request), Object(Closure), 60, '1')
#8 C:\\Users\\Admin\\Downloads\\GettiiLite_48.2\\GettiiLite\\vendor\\laravel\\framework\\src\\Illuminate\\Routing\\Pipeline.php(53): Illuminate\\Pipeline\\Pipeline->Illuminate\\Pipeline\\{closure}(Object(Illuminate\\Http\\Request))
#9 C:\\Users\\Admin\\Downloads\\GettiiLite_48.2\\GettiiLite\\vendor\\laravel\\framework\\src\\Illuminate\\Pipeline\\Pipeline.php(102): Illuminate\\Routing\\Pipeline->Illuminate\\Routing\\{closure}(Object(Illuminate\\Http\\Request))
#10 C:\\Users\\Admin\\Downloads\\GettiiLite_48.2\\GettiiLite\\vendor\\laravel\\framework\\src\\Illuminate\\Routing\\Router.php(660): Illuminate\\Pipeline\\Pipeline->then(Object(Closure))
#11 C:\\Users\\Admin\\Downloads\\GettiiLite_48.2\\GettiiLite\\vendor\\laravel\\framework\\src\\Illuminate\\Routing\\Router.php(635): Illuminate\\Routing\\Router->runRouteWithinStack(Object(Illuminate\\Routing\\Route), Object(Illuminate\\Http\\Request))
#12 C:\\Users\\Admin\\Downloads\\GettiiLite_48.2\\GettiiLite\\vendor\\laravel\\framework\\src\\Illuminate\\Routing\\Router.php(601): Illuminate\\Routing\\Router->runRoute(Object(Illuminate\\Http\\Request), Object(Illuminate\\Routing\\Route))
#13 C:\\Users\\Admin\\Downloads\\GettiiLite_48.2\\GettiiLite\\vendor\\laravel\\framework\\src\\Illuminate\\Routing\\Router.php(590): Illuminate\\Routing\\Router->dispatchToRoute(Object(Illuminate\\Http\\Request))
#14 C:\\Users\\Admin\\Downloads\\GettiiLite_48.2\\GettiiLite\\vendor\\laravel\\framework\\src\\Illuminate\\Foundation\\Http\\Kernel.php(176): Illuminate\\Routing\\Router->dispatch(Object(Illuminate\\Http\\Request))
#15 C:\\Users\\Admin\\Downloads\\GettiiLite_48.2\\GettiiLite\\vendor\\laravel\\framework\\src\\Illuminate\\Routing\\Pipeline.php(30): Illuminate\\Foundation\\Http\\Kernel->Illuminate\\Foundation\\Http\\{closure}(Object(Illuminate\\Http\\Request))
#16 C:\\Users\\Admin\\Downloads\\GettiiLite_48.2\\GettiiLite\\vendor\\fideloper\\proxy\\src\\TrustProxies.php(56): Illuminate\\Routing\\Pipeline->Illuminate\\Routing\\{closure}(Object(Illuminate\\Http\\Request))
#17 C:\\Users\\Admin\\Downloads\\GettiiLite_48.2\\GettiiLite\\vendor\\laravel\\framework\\src\\Illuminate\\Pipeline\\Pipeline.php(149): Fideloper\\Proxy\\TrustProxies->handle(Object(Illuminate\\Http\\Request), Object(Closure))
#18 C:\\Users\\Admin\\Downloads\\GettiiLite_48.2\\GettiiLite\\vendor\\laravel\\framework\\src\\Illuminate\\Routing\\Pipeline.php(53): Illuminate\\Pipeline\\Pipeline->Illuminate\\Pipeline\\{closure}(Object(Illuminate\\Http\\Request))
#19 C:\\Users\\Admin\\Downloads\\GettiiLite_48.2\\GettiiLite\\vendor\\laravel\\framework\\src\\Illuminate\\Foundation\\Http\\Middleware\\TransformsRequest.php(30): Illuminate\\Routing\\Pipeline->Illuminate\\Routing\\{closure}(Object(Illuminate\\Http\\Request))
#20 C:\\Users\\Admin\\Downloads\\GettiiLite_48.2\\GettiiLite\\vendor\\laravel\\framework\\src\\Illuminate\\Pipeline\\Pipeline.php(149): Illuminate\\Foundation\\Http\\Middleware\\TransformsRequest->handle(Object(Illuminate\\Http\\Request), Object(Closure))
#21 C:\\Users\\Admin\\Downloads\\GettiiLite_48.2\\GettiiLite\\vendor\\laravel\\framework\\src\\Illuminate\\Routing\\Pipeline.php(53): Illuminate\\Pipeline\\Pipeline->Illuminate\\Pipeline\\{closure}(Object(Illuminate\\Http\\Request))
#22 C:\\Users\\Admin\\Downloads\\GettiiLite_48.2\\GettiiLite\\vendor\\laravel\\framework\\src\\Illuminate\\Foundation\\Http\\Middleware\\TransformsRequest.php(30): Illuminate\\Routing\\Pipeline->Illuminate\\Routing\\{closure}(Object(Illuminate\\Http\\Request))
#23 C:\\Users\\Admin\\Downloads\\GettiiLite_48.2\\GettiiLite\\vendor\\laravel\\framework\\src\\Illuminate\\Pipeline\\Pipeline.php(149): Illuminate\\Foundation\\Http\\Middleware\\TransformsRequest->handle(Object(Illuminate\\Http\\Request), Object(Closure))
#24 C:\\Users\\Admin\\Downloads\\GettiiLite_48.2\\GettiiLite\\vendor\\laravel\\framework\\src\\Illuminate\\Routing\\Pipeline.php(53): Illuminate\\Pipeline\\Pipeline->Illuminate\\Pipeline\\{closure}(Object(Illuminate\\Http\\Request))
#25 C:\\Users\\Admin\\Downloads\\GettiiLite_48.2\\GettiiLite\\vendor\\laravel\\framework\\src\\Illuminate\\Foundation\\Http\\Middleware\\ValidatePostSize.php(27): Illuminate\\Routing\\Pipeline->Illuminate\\Routing\\{closure}(Object(Illuminate\\Http\\Request))
#26 C:\\Users\\Admin\\Downloads\\GettiiLite_48.2\\GettiiLite\\vendor\\laravel\\framework\\src\\Illuminate\\Pipeline\\Pipeline.php(149): Illuminate\\Foundation\\Http\\Middleware\\ValidatePostSize->handle(Object(Illuminate\\Http\\Request), Object(Closure))
#27 C:\\Users\\Admin\\Downloads\\GettiiLite_48.2\\GettiiLite\\vendor\\laravel\\framework\\src\\Illuminate\\Routing\\Pipeline.php(53): Illuminate\\Pipeline\\Pipeline->Illuminate\\Pipeline\\{closure}(Object(Illuminate\\Http\\Request))
#28 C:\\Users\\Admin\\Downloads\\GettiiLite_48.2\\GettiiLite\\vendor\\laravel\\framework\\src\\Illuminate\\Foundation\\Http\\Middleware\\CheckForMaintenanceMode.php(46): Illuminate\\Routing\\Pipeline->Illuminate\\Routing\\{closure}(Object(Illuminate\\Http\\Request))
#29 C:\\Users\\Admin\\Downloads\\GettiiLite_48.2\\GettiiLite\\vendor\\laravel\\framework\\src\\Illuminate\\Pipeline\\Pipeline.php(149): Illuminate\\Foundation\\Http\\Middleware\\CheckForMaintenanceMode->handle(Object(Illuminate\\Http\\Request), Object(Closure))
#30 C:\\Users\\Admin\\Downloads\\GettiiLite_48.2\\GettiiLite\\vendor\\laravel\\framework\\src\\Illuminate\\Routing\\Pipeline.php(53): Illuminate\\Pipeline\\Pipeline->Illuminate\\Pipeline\\{closure}(Object(Illuminate\\Http\\Request))
#31 C:\\Users\\Admin\\Downloads\\GettiiLite_48.2\\GettiiLite\\vendor\\laravel\\framework\\src\\Illuminate\\Pipeline\\Pipeline.php(102): Illuminate\\Routing\\Pipeline->Illuminate\\Routing\\{closure}(Object(Illuminate\\Http\\Request))
#32 C:\\Users\\Admin\\Downloads\\GettiiLite_48.2\\GettiiLite\\vendor\\laravel\\framework\\src\\Illuminate\\Foundation\\Http\\Kernel.php(151): Illuminate\\Pipeline\\Pipeline->then(Object(Closure))
#33 C:\\Users\\Admin\\Downloads\\GettiiLite_48.2\\GettiiLite\\vendor\\laravel\\framework\\src\\Illuminate\\Foundation\\Http\\Kernel.php(116): Illuminate\\Foundation\\Http\\Kernel->sendRequestThroughRouter(Object(Illuminate\\Http\\Request))
#34 C:\\Users\\Admin\\Downloads\\GettiiLite_48.2\\GettiiLite\\public\\index.php(55): Illuminate\\Foundation\\Http\\Kernel->handle(Object(Illuminate\\Http\\Request))
#35 C:\\Users\\Admin\\Downloads\\GettiiLite_48.2\\GettiiLite\\server.php(21): require_once('C:\\\\Users\\\\Admin\\\\...')
#36 {main}
"} 
[2021-09-08 10:35:59] production.ERROR: Call to a member function middleware() on null {"exception":"[object] (Symfony\\Component\\Debug\\Exception\\FatalThrowableError(code: 0): Call to a member function middleware() on null at C:\\Users\\Admin\\Downloads\\GettiiLite_48.2\\GettiiLite\outes\\api.php:29)
[stacktrace]
#0 C:\\Users\\Admin\\Downloads\\GettiiLite_48.2\\GettiiLite\\vendor\\laravel\\framework\\src\\Illuminate\\Routing\\Router.php(393): require()
#1 C:\\Users\\Admin\\Downloads\\GettiiLite_48.2\\GettiiLite\\vendor\\laravel\\framework\\src\\Illuminate\\Routing\\Router.php(349): Illuminate\\Routing\\Router->loadRoutes('C:\\\\Users\\\\Admin\\\\...')
#2 C:\\Users\\Admin\\Downloads\\GettiiLite_48.2\\GettiiLite\\vendor\\laravel\\framework\\src\\Illuminate\\Routing\\RouteRegistrar.php(105): Illuminate\\Routing\\Router->group(Array, 'C:\\\\Users\\\\Admin\\\\...')
#3 C:\\Users\\Admin\\Downloads\\GettiiLite_48.2\\GettiiLite\\app\\Providers\\RouteServiceProvider.php(71): Illuminate\\Routing\\RouteRegistrar->group('C:\\\\Users\\\\Admin\\\\...')
#4 C:\\Users\\Admin\\Downloads\\GettiiLite_48.2\\GettiiLite\\app\\Providers\\RouteServiceProvider.php(38): App\\Providers\\RouteServiceProvider->mapApiRoutes()
#5 [internal function]: App\\Providers\\RouteServiceProvider->map()
#6 C:\\Users\\Admin\\Downloads\\GettiiLite_48.2\\GettiiLite\\vendor\\laravel\\framework\\src\\Illuminate\\Container\\BoundMethod.php(29): call_user_func_array(Array, Array)
#7 C:\\Users\\Admin\\Downloads\\GettiiLite_48.2\\GettiiLite\\vendor\\laravel\\framework\\src\\Illuminate\\Container\\BoundMethod.php(87): Illuminate\\Container\\BoundMethod::Illuminate\\Container\\{closure}()
#8 C:\\Users\\Admin\\Downloads\\GettiiLite_48.2\\GettiiLite\\vendor\\laravel\\framework\\src\\Illuminate\\Container\\BoundMethod.php(31): Illuminate\\Container\\BoundMethod::callBoundMethod(Object(Illuminate\\Foundation\\Application), Array, Object(Closure))
#9 C:\\Users\\Admin\\Downloads\\GettiiLite_48.2\\GettiiLite\\vendor\\laravel\\framework\\src\\Illuminate\\Container\\Container.php(549): Illuminate\\Container\\BoundMethod::call(Object(Illuminate\\Foundation\\Application), Array, Array, NULL)
#10 C:\\Users\\Admin\\Downloads\\GettiiLite_48.2\\GettiiLite\\vendor\\laravel\\framework\\src\\Illuminate\\Foundation\\Support\\Providers\\RouteServiceProvider.php(74): Illuminate\\Container\\Container->call(Array)
#11 C:\\Users\\Admin\\Downloads\\GettiiLite_48.2\\GettiiLite\\vendor\\laravel\\framework\\src\\Illuminate\\Foundation\\Support\\Providers\\RouteServiceProvider.php(33): Illuminate\\Foundation\\Support\\Providers\\RouteServiceProvider->loadRoutes()
#12 C:\\Users\\Admin\\Downloads\\GettiiLite_48.2\\GettiiLite\\app\\Providers\\RouteServiceProvider.php(28): Illuminate\\Foundation\\Support\\Providers\\RouteServiceProvider->boot()
#13 [internal function]: App\\Providers\\RouteServiceProvider->boot()
#14 C:\\Users\\Admin\\Downloads\\GettiiLite_48.2\\GettiiLite\\vendor\\laravel\\framework\\src\\Illuminate\\Container\\BoundMethod.php(29): call_user_func_array(Array, Array)
#15 C:\\Users\\Admin\\Downloads\\GettiiLite_48.2\\GettiiLite\\vendor\\laravel\\framework\\src\\Illuminate\\Container\\BoundMethod.php(87): Illuminate\\Container\\BoundMethod::Illuminate\\Container\\{closure}()
#16 C:\\Users\\Admin\\Downloads\\GettiiLite_48.2\\GettiiLite\\vendor\\laravel\\framework\\src\\Illuminate\\Container\\BoundMethod.php(31): Illuminate\\Container\\BoundMethod::callBoundMethod(Object(Illuminate\\Foundation\\Application), Array, Object(Closure))
#17 C:\\Users\\Admin\\Downloads\\GettiiLite_48.2\\GettiiLite\\vendor\\laravel\\framework\\src\\Illuminate\\Container\\Container.php(549): Illuminate\\Container\\BoundMethod::call(Object(Illuminate\\Foundation\\Application), Array, Array, NULL)
#18 C:\\Users\\Admin\\Downloads\\GettiiLite_48.2\\GettiiLite\\vendor\\laravel\\framework\\src\\Illuminate\\Foundation\\Application.php(792): Illuminate\\Container\\Container->call(Array)
#19 C:\\Users\\Admin\\Downloads\\GettiiLite_48.2\\GettiiLite\\vendor\\laravel\\framework\\src\\Illuminate\\Foundation\\Application.php(775): Illuminate\\Foundation\\Application->bootProvider(Object(App\\Providers\\RouteServiceProvider))
#20 [internal function]: Illuminate\\Foundation\\Application->Illuminate\\Foundation\\{closure}(Object(App\\Providers\\RouteServiceProvider), 22)
#21 C:\\Users\\Admin\\Downloads\\GettiiLite_48.2\\GettiiLite\\vendor\\laravel\\framework\\src\\Illuminate\\Foundation\\Application.php(776): array_walk(Array, Object(Closure))
#22 C:\\Users\\Admin\\Downloads\\GettiiLite_48.2\\GettiiLite\\vendor\\laravel\\framework\\src\\Illuminate\\Foundation\\Bootstrap\\BootProviders.php(17): Illuminate\\Foundation\\Application->boot()
#23 C:\\Users\\Admin\\Downloads\\GettiiLite_48.2\\GettiiLite\\vendor\\laravel\\framework\\src\\Illuminate\\Foundation\\Application.php(213): Illuminate\\Foundation\\Bootstrap\\BootProviders->bootstrap(Object(Illuminate\\Foundation\\Application))
#24 C:\\Users\\Admin\\Downloads\\GettiiLite_48.2\\GettiiLite\\vendor\\laravel\\framework\\src\\Illuminate\\Foundation\\Http\\Kernel.php(162): Illuminate\\Foundation\\Application->bootstrapWith(Array)
#25 C:\\Users\\Admin\\Downloads\\GettiiLite_48.2\\GettiiLite\\vendor\\laravel\\framework\\src\\Illuminate\\Foundation\\Http\\Kernel.php(146): Illuminate\\Foundation\\Http\\Kernel->bootstrap()
#26 C:\\Users\\Admin\\Downloads\\GettiiLite_48.2\\GettiiLite\\vendor\\laravel\\framework\\src\\Illuminate\\Foundation\\Http\\Kernel.php(116): Illuminate\\Foundation\\Http\\Kernel->sendRequestThroughRouter(Object(Illuminate\\Http\\Request))
#27 C:\\Users\\Admin\\Downloads\\GettiiLite_48.2\\GettiiLite\\public\\index.php(55): Illuminate\\Foundation\\Http\\Kernel->handle(Object(Illuminate\\Http\\Request))
#28 C:\\Users\\Admin\\Downloads\\GettiiLite_48.2\\GettiiLite\\server.php(21): require_once('C:\\\\Users\\\\Admin\\\\...')
#29 {main}
"} 
[2021-09-08 10:42:38] production.ERROR: Session store not set on request. {"exception":"[object] (RuntimeException(code: 0): Session store not set on request. at C:\\Users\\Admin\\Downloads\\GettiiLite_48.2\\GettiiLite\\vendor\\laravel\\framework\\src\\Illuminate\\Http\\Request.php:419)
[stacktrace]
#0 C:\\Users\\Admin\\Downloads\\GettiiLite_48.2\\GettiiLite\\app\\Http\\Middleware\\CheckScheduleId.php(36): Illuminate\\Http\\Request->session()
#1 C:\\Users\\Admin\\Downloads\\GettiiLite_48.2\\GettiiLite\\vendor\\laravel\\framework\\src\\Illuminate\\Pipeline\\Pipeline.php(149): App\\Http\\Middleware\\CheckScheduleId->handle(Object(Illuminate\\Http\\Request), Object(Closure))
#2 C:\\Users\\Admin\\Downloads\\GettiiLite_48.2\\GettiiLite\\vendor\\laravel\\framework\\src\\Illuminate\\Routing\\Pipeline.php(53): Illuminate\\Pipeline\\Pipeline->Illuminate\\Pipeline\\{closure}(Object(Illuminate\\Http\\Request))
#3 C:\\Users\\Admin\\Downloads\\GettiiLite_48.2\\GettiiLite\\vendor\\laravel\\framework\\src\\Illuminate\\Routing\\Middleware\\SubstituteBindings.php(41): Illuminate\\Routing\\Pipeline->Illuminate\\Routing\\{closure}(Object(Illuminate\\Http\\Request))
#4 C:\\Users\\Admin\\Downloads\\GettiiLite_48.2\\GettiiLite\\vendor\\laravel\\framework\\src\\Illuminate\\Pipeline\\Pipeline.php(149): Illuminate\\Routing\\Middleware\\SubstituteBindings->handle(Object(Illuminate\\Http\\Request), Object(Closure))
#5 C:\\Users\\Admin\\Downloads\\GettiiLite_48.2\\GettiiLite\\vendor\\laravel\\framework\\src\\Illuminate\\Routing\\Pipeline.php(53): Illuminate\\Pipeline\\Pipeline->Illuminate\\Pipeline\\{closure}(Object(Illuminate\\Http\\Request))
#6 C:\\Users\\Admin\\Downloads\\GettiiLite_48.2\\GettiiLite\\vendor\\laravel\\framework\\src\\Illuminate\\Routing\\Middleware\\ThrottleRequests.php(57): Illuminate\\Routing\\Pipeline->Illuminate\\Routing\\{closure}(Object(Illuminate\\Http\\Request))
#7 C:\\Users\\Admin\\Downloads\\GettiiLite_48.2\\GettiiLite\\vendor\\laravel\\framework\\src\\Illuminate\\Pipeline\\Pipeline.php(149): Illuminate\\Routing\\Middleware\\ThrottleRequests->handle(Object(Illuminate\\Http\\Request), Object(Closure), 60, '1')
#8 C:\\Users\\Admin\\Downloads\\GettiiLite_48.2\\GettiiLite\\vendor\\laravel\\framework\\src\\Illuminate\\Routing\\Pipeline.php(53): Illuminate\\Pipeline\\Pipeline->Illuminate\\Pipeline\\{closure}(Object(Illuminate\\Http\\Request))
#9 C:\\Users\\Admin\\Downloads\\GettiiLite_48.2\\GettiiLite\\vendor\\laravel\\framework\\src\\Illuminate\\Pipeline\\Pipeline.php(102): Illuminate\\Routing\\Pipeline->Illuminate\\Routing\\{closure}(Object(Illuminate\\Http\\Request))
#10 C:\\Users\\Admin\\Downloads\\GettiiLite_48.2\\GettiiLite\\vendor\\laravel\\framework\\src\\Illuminate\\Routing\\Router.php(660): Illuminate\\Pipeline\\Pipeline->then(Object(Closure))
#11 C:\\Users\\Admin\\Downloads\\GettiiLite_48.2\\GettiiLite\\vendor\\laravel\\framework\\src\\Illuminate\\Routing\\Router.php(635): Illuminate\\Routing\\Router->runRouteWithinStack(Object(Illuminate\\Routing\\Route), Object(Illuminate\\Http\\Request))
#12 C:\\Users\\Admin\\Downloads\\GettiiLite_48.2\\GettiiLite\\vendor\\laravel\\framework\\src\\Illuminate\\Routing\\Router.php(601): Illuminate\\Routing\\Router->runRoute(Object(Illuminate\\Http\\Request), Object(Illuminate\\Routing\\Route))
#13 C:\\Users\\Admin\\Downloads\\GettiiLite_48.2\\GettiiLite\\vendor\\laravel\\framework\\src\\Illuminate\\Routing\\Router.php(590): Illuminate\\Routing\\Router->dispatchToRoute(Object(Illuminate\\Http\\Request))
#14 C:\\Users\\Admin\\Downloads\\GettiiLite_48.2\\GettiiLite\\vendor\\laravel\\framework\\src\\Illuminate\\Foundation\\Http\\Kernel.php(176): Illuminate\\Routing\\Router->dispatch(Object(Illuminate\\Http\\Request))
#15 C:\\Users\\Admin\\Downloads\\GettiiLite_48.2\\GettiiLite\\vendor\\laravel\\framework\\src\\Illuminate\\Routing\\Pipeline.php(30): Illuminate\\Foundation\\Http\\Kernel->Illuminate\\Foundation\\Http\\{closure}(Object(Illuminate\\Http\\Request))
#16 C:\\Users\\Admin\\Downloads\\GettiiLite_48.2\\GettiiLite\\vendor\\fideloper\\proxy\\src\\TrustProxies.php(56): Illuminate\\Routing\\Pipeline->Illuminate\\Routing\\{closure}(Object(Illuminate\\Http\\Request))
#17 C:\\Users\\Admin\\Downloads\\GettiiLite_48.2\\GettiiLite\\vendor\\laravel\\framework\\src\\Illuminate\\Pipeline\\Pipeline.php(149): Fideloper\\Proxy\\TrustProxies->handle(Object(Illuminate\\Http\\Request), Object(Closure))
#18 C:\\Users\\Admin\\Downloads\\GettiiLite_48.2\\GettiiLite\\vendor\\laravel\\framework\\src\\Illuminate\\Routing\\Pipeline.php(53): Illuminate\\Pipeline\\Pipeline->Illuminate\\Pipeline\\{closure}(Object(Illuminate\\Http\\Request))
#19 C:\\Users\\Admin\\Downloads\\GettiiLite_48.2\\GettiiLite\\vendor\\laravel\\framework\\src\\Illuminate\\Foundation\\Http\\Middleware\\TransformsRequest.php(30): Illuminate\\Routing\\Pipeline->Illuminate\\Routing\\{closure}(Object(Illuminate\\Http\\Request))
#20 C:\\Users\\Admin\\Downloads\\GettiiLite_48.2\\GettiiLite\\vendor\\laravel\\framework\\src\\Illuminate\\Pipeline\\Pipeline.php(149): Illuminate\\Foundation\\Http\\Middleware\\TransformsRequest->handle(Object(Illuminate\\Http\\Request), Object(Closure))
#21 C:\\Users\\Admin\\Downloads\\GettiiLite_48.2\\GettiiLite\\vendor\\laravel\\framework\\src\\Illuminate\\Routing\\Pipeline.php(53): Illuminate\\Pipeline\\Pipeline->Illuminate\\Pipeline\\{closure}(Object(Illuminate\\Http\\Request))
#22 C:\\Users\\Admin\\Downloads\\GettiiLite_48.2\\GettiiLite\\vendor\\laravel\\framework\\src\\Illuminate\\Foundation\\Http\\Middleware\\TransformsRequest.php(30): Illuminate\\Routing\\Pipeline->Illuminate\\Routing\\{closure}(Object(Illuminate\\Http\\Request))
#23 C:\\Users\\Admin\\Downloads\\GettiiLite_48.2\\GettiiLite\\vendor\\laravel\\framework\\src\\Illuminate\\Pipeline\\Pipeline.php(149): Illuminate\\Foundation\\Http\\Middleware\\TransformsRequest->handle(Object(Illuminate\\Http\\Request), Object(Closure))
#24 C:\\Users\\Admin\\Downloads\\GettiiLite_48.2\\GettiiLite\\vendor\\laravel\\framework\\src\\Illuminate\\Routing\\Pipeline.php(53): Illuminate\\Pipeline\\Pipeline->Illuminate\\Pipeline\\{closure}(Object(Illuminate\\Http\\Request))
#25 C:\\Users\\Admin\\Downloads\\GettiiLite_48.2\\GettiiLite\\vendor\\laravel\\framework\\src\\Illuminate\\Foundation\\Http\\Middleware\\ValidatePostSize.php(27): Illuminate\\Routing\\Pipeline->Illuminate\\Routing\\{closure}(Object(Illuminate\\Http\\Request))
#26 C:\\Users\\Admin\\Downloads\\GettiiLite_48.2\\GettiiLite\\vendor\\laravel\\framework\\src\\Illuminate\\Pipeline\\Pipeline.php(149): Illuminate\\Foundation\\Http\\Middleware\\ValidatePostSize->handle(Object(Illuminate\\Http\\Request), Object(Closure))
#27 C:\\Users\\Admin\\Downloads\\GettiiLite_48.2\\GettiiLite\\vendor\\laravel\\framework\\src\\Illuminate\\Routing\\Pipeline.php(53): Illuminate\\Pipeline\\Pipeline->Illuminate\\Pipeline\\{closure}(Object(Illuminate\\Http\\Request))
#28 C:\\Users\\Admin\\Downloads\\GettiiLite_48.2\\GettiiLite\\vendor\\laravel\\framework\\src\\Illuminate\\Foundation\\Http\\Middleware\\CheckForMaintenanceMode.php(46): Illuminate\\Routing\\Pipeline->Illuminate\\Routing\\{closure}(Object(Illuminate\\Http\\Request))
#29 C:\\Users\\Admin\\Downloads\\GettiiLite_48.2\\GettiiLite\\vendor\\laravel\\framework\\src\\Illuminate\\Pipeline\\Pipeline.php(149): Illuminate\\Foundation\\Http\\Middleware\\CheckForMaintenanceMode->handle(Object(Illuminate\\Http\\Request), Object(Closure))
#30 C:\\Users\\Admin\\Downloads\\GettiiLite_48.2\\GettiiLite\\vendor\\laravel\\framework\\src\\Illuminate\\Routing\\Pipeline.php(53): Illuminate\\Pipeline\\Pipeline->Illuminate\\Pipeline\\{closure}(Object(Illuminate\\Http\\Request))
#31 C:\\Users\\Admin\\Downloads\\GettiiLite_48.2\\GettiiLite\\vendor\\laravel\\framework\\src\\Illuminate\\Pipeline\\Pipeline.php(102): Illuminate\\Routing\\Pipeline->Illuminate\\Routing\\{closure}(Object(Illuminate\\Http\\Request))
#32 C:\\Users\\Admin\\Downloads\\GettiiLite_48.2\\GettiiLite\\vendor\\laravel\\framework\\src\\Illuminate\\Foundation\\Http\\Kernel.php(151): Illuminate\\Pipeline\\Pipeline->then(Object(Closure))
#33 C:\\Users\\Admin\\Downloads\\GettiiLite_48.2\\GettiiLite\\vendor\\laravel\\framework\\src\\Illuminate\\Foundation\\Http\\Kernel.php(116): Illuminate\\Foundation\\Http\\Kernel->sendRequestThroughRouter(Object(Illuminate\\Http\\Request))
#34 C:\\Users\\Admin\\Downloads\\GettiiLite_48.2\\GettiiLite\\public\\index.php(55): Illuminate\\Foundation\\Http\\Kernel->handle(Object(Illuminate\\Http\\Request))
#35 C:\\Users\\Admin\\Downloads\\GettiiLite_48.2\\GettiiLite\\server.php(21): require_once('C:\\\\Users\\\\Admin\\\\...')
#36 {main}
"} 
[2021-09-08 16:09:07] production.DEBUG: [Create]The data form DB  
[2021-09-08 16:09:11] production.DEBUG: [Create]The data form DB  
[2021-09-08 16:10:49] production.DEBUG: ler.addData()  
[2021-09-08 16:10:49] production.DEBUG: ***全席自由***  
[2021-09-08 16:10:49] production.DEBUG: *** クレジットカード支払い or コンビニ支払い 未入力  ***  
[2021-09-08 16:10:49] production.DEBUG: *** sales_term_status  ***  
[2021-09-08 16:10:49] production.DEBUG: false  
[2021-09-08 16:10:49] production.DEBUG: *** ticket_seat_status  ***  
[2021-09-08 16:10:49] production.DEBUG: 1  
[2021-09-08 16:10:49] production.DEBUG: *** PERFORMANCE STATUS ***  
[2021-09-08 16:10:49] production.DEBUG: 3  
[2021-09-08 16:11:08] production.DEBUG: ler.addData()  
[2021-09-08 16:11:08] production.DEBUG: ***全席自由***  
[2021-09-08 16:11:08] production.DEBUG: *** クレジットカード支払い or コンビニ支払い 未入力  ***  
[2021-09-08 16:11:08] production.DEBUG: *** sales_term_status  ***  
[2021-09-08 16:11:08] production.DEBUG: false  
[2021-09-08 16:11:08] production.DEBUG: *** ticket_seat_status  ***  
[2021-09-08 16:11:08] production.DEBUG: 1  
[2021-09-08 16:11:08] production.DEBUG: *** PERFORMANCE STATUS ***  
[2021-09-08 16:11:08] production.DEBUG: 3  
[2021-09-08 16:21:15] production.ERROR: SQLSTATE[HY000] [2002] A connection attempt failed because the connected party did not properly respond after a period of time, or established connection failed because connected host has failed to respond.
 {"exception":"[object] (PDOException(code: 2002): SQLSTATE[HY000] [2002] A connection attempt failed because the connected party did not properly respond after a period of time, or established connection failed because connected host has failed to respond.
 at C:\\Users\\Admin\\Downloads\\GettiiLite_48.2\\GettiiLite\\vendor\\doctrine\\dbal\\lib\\Doctrine\\DBAL\\Driver\\PDOConnection.php:36)
[stacktrace]
#0 C:\\Users\\Admin\\Downloads\\GettiiLite_48.2\\GettiiLite\\vendor\\doctrine\\dbal\\lib\\Doctrine\\DBAL\\Driver\\PDOConnection.php(36): PDO->__construct('mysql:host=14.2...', 'admin', 'qWqxxLz7FjwJS87...', Array)
#1 C:\\Users\\Admin\\Downloads\\GettiiLite_48.2\\GettiiLite\\vendor\\laravel\\framework\\src\\Illuminate\\Database\\Connectors\\Connector.php(64): Doctrine\\DBAL\\Driver\\PDOConnection->__construct('mysql:host=14.2...', 'admin', 'qWqxxLz7FjwJS87...', Array)
#2 C:\\Users\\Admin\\Downloads\\GettiiLite_48.2\\GettiiLite\\vendor\\laravel\\framework\\src\\Illuminate\\Database\\Connectors\\Connector.php(43): Illuminate\\Database\\Connectors\\Connector->createPdoConnection('mysql:host=14.2...', 'admin', 'qWqxxLz7FjwJS87...', Array)
#3 C:\\Users\\Admin\\Downloads\\GettiiLite_48.2\\GettiiLite\\vendor\\laravel\\framework\\src\\Illuminate\\Database\\Connectors\\MySqlConnector.php(24): Illuminate\\Database\\Connectors\\Connector->createConnection('mysql:host=14.2...', Array, Array)
#4 C:\\Users\\Admin\\Downloads\\GettiiLite_48.2\\GettiiLite\\vendor\\laravel\\framework\\src\\Illuminate\\Database\\Connectors\\ConnectionFactory.php(183): Illuminate\\Database\\Connectors\\MySqlConnector->connect(Array)
#5 [internal function]: Illuminate\\Database\\Connectors\\ConnectionFactory->Illuminate\\Database\\Connectors\\{closure}()
#6 C:\\Users\\Admin\\Downloads\\GettiiLite_48.2\\GettiiLite\\vendor\\laravel\\framework\\src\\Illuminate\\Database\\Connection.php(915): call_user_func(Object(Closure))
#7 C:\\Users\\Admin\\Downloads\\GettiiLite_48.2\\GettiiLite\\vendor\\laravel\\framework\\src\\Illuminate\\Database\\Connection.php(940): Illuminate\\Database\\Connection->getPdo()
#8 C:\\Users\\Admin\\Downloads\\GettiiLite_48.2\\GettiiLite\\vendor\\laravel\\framework\\src\\Illuminate\\Database\\Connection.php(399): Illuminate\\Database\\Connection->getReadPdo()
#9 C:\\Users\\Admin\\Downloads\\GettiiLite_48.2\\GettiiLite\\vendor\\laravel\\framework\\src\\Illuminate\\Database\\Connection.php(325): Illuminate\\Database\\Connection->getPdoForSelect(true)
#10 C:\\Users\\Admin\\Downloads\\GettiiLite_48.2\\GettiiLite\\vendor\\laravel\\framework\\src\\Illuminate\\Database\\Connection.php(657): Illuminate\\Database\\Connection->Illuminate\\Database\\{closure}('select * from `...', Array)
#11 C:\\Users\\Admin\\Downloads\\GettiiLite_48.2\\GettiiLite\\vendor\\laravel\\framework\\src\\Illuminate\\Database\\Connection.php(624): Illuminate\\Database\\Connection->runQueryCallback('select * from `...', Array, Object(Closure))
#12 C:\\Users\\Admin\\Downloads\\GettiiLite_48.2\\GettiiLite\\vendor\\laravel\\framework\\src\\Illuminate\\Database\\Connection.php(333): Illuminate\\Database\\Connection->run('select * from `...', Array, Object(Closure))
#13 C:\\Users\\Admin\\Downloads\\GettiiLite_48.2\\GettiiLite\\vendor\\laravel\\framework\\src\\Illuminate\\Database\\Query\\Builder.php(1719): Illuminate\\Database\\Connection->select('select * from `...', Array, true)
#14 C:\\Users\\Admin\\Downloads\\GettiiLite_48.2\\GettiiLite\\vendor\\laravel\\framework\\src\\Illuminate\\Database\\Query\\Builder.php(1704): Illuminate\\Database\\Query\\Builder->runSelect()
#15 C:\\Users\\Admin\\Downloads\\GettiiLite_48.2\\GettiiLite\\vendor\\laravel\\framework\\src\\Illuminate\\Database\\Eloquent\\Builder.php(481): Illuminate\\Database\\Query\\Builder->get(Array)
#16 C:\\Users\\Admin\\Downloads\\GettiiLite_48.2\\GettiiLite\\vendor\\laravel\\framework\\src\\Illuminate\\Database\\Eloquent\\Builder.php(465): Illuminate\\Database\\Eloquent\\Builder->getModels(Array)
#17 C:\\Users\\Admin\\Downloads\\GettiiLite_48.2\\GettiiLite\\app\\Repositories\\MiddlewareRepositories.php(80): Illuminate\\Database\\Eloquent\\Builder->get()
#18 C:\\Users\\Admin\\Downloads\\GettiiLite_48.2\\GettiiLite\\app\\Services\\MiddlewareServices.php(105): App\\Repositories\\MiddlewareRepositories->getUserStatus()
#19 C:\\Users\\Admin\\Downloads\\GettiiLite_48.2\\GettiiLite\\app\\Http\\Middleware\\CheckLogin.php(36): App\\Services\\MiddlewareServices->checkAccStatus(270)
#20 C:\\Users\\Admin\\Downloads\\GettiiLite_48.2\\GettiiLite\\vendor\\laravel\\framework\\src\\Illuminate\\Pipeline\\Pipeline.php(149): App\\Http\\Middleware\\CheckLogin->handle(Object(Illuminate\\Http\\Request), Object(Closure))
#21 C:\\Users\\Admin\\Downloads\\GettiiLite_48.2\\GettiiLite\\vendor\\laravel\\framework\\src\\Illuminate\\Routing\\Pipeline.php(53): Illuminate\\Pipeline\\Pipeline->Illuminate\\Pipeline\\{closure}(Object(Illuminate\\Http\\Request))
#22 C:\\Users\\Admin\\Downloads\\GettiiLite_48.2\\GettiiLite\\vendor\\laravel\\framework\\src\\Illuminate\\Routing\\Middleware\\SubstituteBindings.php(41): Illuminate\\Routing\\Pipeline->Illuminate\\Routing\\{closure}(Object(Illuminate\\Http\\Request))
#23 C:\\Users\\Admin\\Downloads\\GettiiLite_48.2\\GettiiLite\\vendor\\laravel\\framework\\src\\Illuminate\\Pipeline\\Pipeline.php(149): Illuminate\\Routing\\Middleware\\SubstituteBindings->handle(Object(Illuminate\\Http\\Request), Object(Closure))
#24 C:\\Users\\Admin\\Downloads\\GettiiLite_48.2\\GettiiLite\\vendor\\laravel\\framework\\src\\Illuminate\\Routing\\Pipeline.php(53): Illuminate\\Pipeline\\Pipeline->Illuminate\\Pipeline\\{closure}(Object(Illuminate\\Http\\Request))
#25 C:\\Users\\Admin\\Downloads\\GettiiLite_48.2\\GettiiLite\\vendor\\laravel\\framework\\src\\Illuminate\\Foundation\\Http\\Middleware\\VerifyCsrfToken.php(68): Illuminate\\Routing\\Pipeline->Illuminate\\Routing\\{closure}(Object(Illuminate\\Http\\Request))
#26 C:\\Users\\Admin\\Downloads\\GettiiLite_48.2\\GettiiLite\\vendor\\laravel\\framework\\src\\Illuminate\\Pipeline\\Pipeline.php(149): Illuminate\\Foundation\\Http\\Middleware\\VerifyCsrfToken->handle(Object(Illuminate\\Http\\Request), Object(Closure))
#27 C:\\Users\\Admin\\Downloads\\GettiiLite_48.2\\GettiiLite\\vendor\\laravel\\framework\\src\\Illuminate\\Routing\\Pipeline.php(53): Illuminate\\Pipeline\\Pipeline->Illuminate\\Pipeline\\{closure}(Object(Illuminate\\Http\\Request))
#28 C:\\Users\\Admin\\Downloads\\GettiiLite_48.2\\GettiiLite\\vendor\\laravel\\framework\\src\\Illuminate\\View\\Middleware\\ShareErrorsFromSession.php(49): Illuminate\\Routing\\Pipeline->Illuminate\\Routing\\{closure}(Object(Illuminate\\Http\\Request))
#29 C:\\Users\\Admin\\Downloads\\GettiiLite_48.2\\GettiiLite\\vendor\\laravel\\framework\\src\\Illuminate\\Pipeline\\Pipeline.php(149): Illuminate\\View\\Middleware\\ShareErrorsFromSession->handle(Object(Illuminate\\Http\\Request), Object(Closure))
#30 C:\\Users\\Admin\\Downloads\\GettiiLite_48.2\\GettiiLite\\vendor\\laravel\\framework\\src\\Illuminate\\Routing\\Pipeline.php(53): Illuminate\\Pipeline\\Pipeline->Illuminate\\Pipeline\\{closure}(Object(Illuminate\\Http\\Request))
#31 C:\\Users\\Admin\\Downloads\\GettiiLite_48.2\\GettiiLite\\vendor\\laravel\\framework\\src\\Illuminate\\Session\\Middleware\\StartSession.php(63): Illuminate\\Routing\\Pipeline->Illuminate\\Routing\\{closure}(Object(Illuminate\\Http\\Request))
#32 C:\\Users\\Admin\\Downloads\\GettiiLite_48.2\\GettiiLite\\vendor\\laravel\\framework\\src\\Illuminate\\Pipeline\\Pipeline.php(149): Illuminate\\Session\\Middleware\\StartSession->handle(Object(Illuminate\\Http\\Request), Object(Closure))
#33 C:\\Users\\Admin\\Downloads\\GettiiLite_48.2\\GettiiLite\\vendor\\laravel\\framework\\src\\Illuminate\\Routing\\Pipeline.php(53): Illuminate\\Pipeline\\Pipeline->Illuminate\\Pipeline\\{closure}(Object(Illuminate\\Http\\Request))
#34 C:\\Users\\Admin\\Downloads\\GettiiLite_48.2\\GettiiLite\\vendor\\laravel\\framework\\src\\Illuminate\\Cookie\\Middleware\\AddQueuedCookiesToResponse.php(37): Illuminate\\Routing\\Pipeline->Illuminate\\Routing\\{closure}(Object(Illuminate\\Http\\Request))
#35 C:\\Users\\Admin\\Downloads\\GettiiLite_48.2\\GettiiLite\\vendor\\laravel\\framework\\src\\Illuminate\\Pipeline\\Pipeline.php(149): Illuminate\\Cookie\\Middleware\\AddQueuedCookiesToResponse->handle(Object(Illuminate\\Http\\Request), Object(Closure))
#36 C:\\Users\\Admin\\Downloads\\GettiiLite_48.2\\GettiiLite\\vendor\\laravel\\framework\\src\\Illuminate\\Routing\\Pipeline.php(53): Illuminate\\Pipeline\\Pipeline->Illuminate\\Pipeline\\{closure}(Object(Illuminate\\Http\\Request))
#37 C:\\Users\\Admin\\Downloads\\GettiiLite_48.2\\GettiiLite\\vendor\\laravel\\framework\\src\\Illuminate\\Cookie\\Middleware\\EncryptCookies.php(68): Illuminate\\Routing\\Pipeline->Illuminate\\Routing\\{closure}(Object(Illuminate\\Http\\Request))
#38 C:\\Users\\Admin\\Downloads\\GettiiLite_48.2\\GettiiLite\\vendor\\laravel\\framework\\src\\Illuminate\\Pipeline\\Pipeline.php(149): Illuminate\\Cookie\\Middleware\\EncryptCookies->handle(Object(Illuminate\\Http\\Request), Object(Closure))
#39 C:\\Users\\Admin\\Downloads\\GettiiLite_48.2\\GettiiLite\\vendor\\laravel\\framework\\src\\Illuminate\\Routing\\Pipeline.php(53): Illuminate\\Pipeline\\Pipeline->Illuminate\\Pipeline\\{closure}(Object(Illuminate\\Http\\Request))
#40 C:\\Users\\Admin\\Downloads\\GettiiLite_48.2\\GettiiLite\\vendor\\laravel\\framework\\src\\Illuminate\\Pipeline\\Pipeline.php(102): Illuminate\\Routing\\Pipeline->Illuminate\\Routing\\{closure}(Object(Illuminate\\Http\\Request))
#41 C:\\Users\\Admin\\Downloads\\GettiiLite_48.2\\GettiiLite\\vendor\\laravel\\framework\\src\\Illuminate\\Routing\\Router.php(660): Illuminate\\Pipeline\\Pipeline->then(Object(Closure))
#42 C:\\Users\\Admin\\Downloads\\GettiiLite_48.2\\GettiiLite\\vendor\\laravel\\framework\\src\\Illuminate\\Routing\\Router.php(635): Illuminate\\Routing\\Router->runRouteWithinStack(Object(Illuminate\\Routing\\Route), Object(Illuminate\\Http\\Request))
#43 C:\\Users\\Admin\\Downloads\\GettiiLite_48.2\\GettiiLite\\vendor\\laravel\\framework\\src\\Illuminate\\Routing\\Router.php(601): Illuminate\\Routing\\Router->runRoute(Object(Illuminate\\Http\\Request), Object(Illuminate\\Routing\\Route))
#44 C:\\Users\\Admin\\Downloads\\GettiiLite_48.2\\GettiiLite\\vendor\\laravel\\framework\\src\\Illuminate\\Routing\\Router.php(590): Illuminate\\Routing\\Router->dispatchToRoute(Object(Illuminate\\Http\\Request))
#45 C:\\Users\\Admin\\Downloads\\GettiiLite_48.2\\GettiiLite\\vendor\\laravel\\framework\\src\\Illuminate\\Foundation\\Http\\Kernel.php(176): Illuminate\\Routing\\Router->dispatch(Object(Illuminate\\Http\\Request))
#46 C:\\Users\\Admin\\Downloads\\GettiiLite_48.2\\GettiiLite\\vendor\\laravel\\framework\\src\\Illuminate\\Routing\\Pipeline.php(30): Illuminate\\Foundation\\Http\\Kernel->Illuminate\\Foundation\\Http\\{closure}(Object(Illuminate\\Http\\Request))
#47 C:\\Users\\Admin\\Downloads\\GettiiLite_48.2\\GettiiLite\\vendor\\fideloper\\proxy\\src\\TrustProxies.php(56): Illuminate\\Routing\\Pipeline->Illuminate\\Routing\\{closure}(Object(Illuminate\\Http\\Request))
#48 C:\\Users\\Admin\\Downloads\\GettiiLite_48.2\\GettiiLite\\vendor\\laravel\\framework\\src\\Illuminate\\Pipeline\\Pipeline.php(149): Fideloper\\Proxy\\TrustProxies->handle(Object(Illuminate\\Http\\Request), Object(Closure))
#49 C:\\Users\\Admin\\Downloads\\GettiiLite_48.2\\GettiiLite\\vendor\\laravel\\framework\\src\\Illuminate\\Routing\\Pipeline.php(53): Illuminate\\Pipeline\\Pipeline->Illuminate\\Pipeline\\{closure}(Object(Illuminate\\Http\\Request))
#50 C:\\Users\\Admin\\Downloads\\GettiiLite_48.2\\GettiiLite\\vendor\\laravel\\framework\\src\\Illuminate\\Foundation\\Http\\Middleware\\TransformsRequest.php(30): Illuminate\\Routing\\Pipeline->Illuminate\\Routing\\{closure}(Object(Illuminate\\Http\\Request))
#51 C:\\Users\\Admin\\Downloads\\GettiiLite_48.2\\GettiiLite\\vendor\\laravel\\framework\\src\\Illuminate\\Pipeline\\Pipeline.php(149): Illuminate\\Foundation\\Http\\Middleware\\TransformsRequest->handle(Object(Illuminate\\Http\\Request), Object(Closure))
#52 C:\\Users\\Admin\\Downloads\\GettiiLite_48.2\\GettiiLite\\vendor\\laravel\\framework\\src\\Illuminate\\Routing\\Pipeline.php(53): Illuminate\\Pipeline\\Pipeline->Illuminate\\Pipeline\\{closure}(Object(Illuminate\\Http\\Request))
#53 C:\\Users\\Admin\\Downloads\\GettiiLite_48.2\\GettiiLite\\vendor\\laravel\\framework\\src\\Illuminate\\Foundation\\Http\\Middleware\\TransformsRequest.php(30): Illuminate\\Routing\\Pipeline->Illuminate\\Routing\\{closure}(Object(Illuminate\\Http\\Request))
#54 C:\\Users\\Admin\\Downloads\\GettiiLite_48.2\\GettiiLite\\vendor\\laravel\\framework\\src\\Illuminate\\Pipeline\\Pipeline.php(149): Illuminate\\Foundation\\Http\\Middleware\\TransformsRequest->handle(Object(Illuminate\\Http\\Request), Object(Closure))
#55 C:\\Users\\Admin\\Downloads\\GettiiLite_48.2\\GettiiLite\\vendor\\laravel\\framework\\src\\Illuminate\\Routing\\Pipeline.php(53): Illuminate\\Pipeline\\Pipeline->Illuminate\\Pipeline\\{closure}(Object(Illuminate\\Http\\Request))
#56 C:\\Users\\Admin\\Downloads\\GettiiLite_48.2\\GettiiLite\\vendor\\laravel\\framework\\src\\Illuminate\\Foundation\\Http\\Middleware\\ValidatePostSize.php(27): Illuminate\\Routing\\Pipeline->Illuminate\\Routing\\{closure}(Object(Illuminate\\Http\\Request))
#57 C:\\Users\\Admin\\Downloads\\GettiiLite_48.2\\GettiiLite\\vendor\\laravel\\framework\\src\\Illuminate\\Pipeline\\Pipeline.php(149): Illuminate\\Foundation\\Http\\Middleware\\ValidatePostSize->handle(Object(Illuminate\\Http\\Request), Object(Closure))
#58 C:\\Users\\Admin\\Downloads\\GettiiLite_48.2\\GettiiLite\\vendor\\laravel\\framework\\src\\Illuminate\\Routing\\Pipeline.php(53): Illuminate\\Pipeline\\Pipeline->Illuminate\\Pipeline\\{closure}(Object(Illuminate\\Http\\Request))
#59 C:\\Users\\Admin\\Downloads\\GettiiLite_48.2\\GettiiLite\\vendor\\laravel\\framework\\src\\Illuminate\\Foundation\\Http\\Middleware\\CheckForMaintenanceMode.php(46): Illuminate\\Routing\\Pipeline->Illuminate\\Routing\\{closure}(Object(Illuminate\\Http\\Request))
#60 C:\\Users\\Admin\\Downloads\\GettiiLite_48.2\\GettiiLite\\vendor\\laravel\\framework\\src\\Illuminate\\Pipeline\\Pipeline.php(149): Illuminate\\Foundation\\Http\\Middleware\\CheckForMaintenanceMode->handle(Object(Illuminate\\Http\\Request), Object(Closure))
#61 C:\\Users\\Admin\\Downloads\\GettiiLite_48.2\\GettiiLite\\vendor\\laravel\\framework\\src\\Illuminate\\Routing\\Pipeline.php(53): Illuminate\\Pipeline\\Pipeline->Illuminate\\Pipeline\\{closure}(Object(Illuminate\\Http\\Request))
#62 C:\\Users\\Admin\\Downloads\\GettiiLite_48.2\\GettiiLite\\vendor\\laravel\\framework\\src\\Illuminate\\Pipeline\\Pipeline.php(102): Illuminate\\Routing\\Pipeline->Illuminate\\Routing\\{closure}(Object(Illuminate\\Http\\Request))
#63 C:\\Users\\Admin\\Downloads\\GettiiLite_48.2\\GettiiLite\\vendor\\laravel\\framework\\src\\Illuminate\\Foundation\\Http\\Kernel.php(151): Illuminate\\Pipeline\\Pipeline->then(Object(Closure))
#64 C:\\Users\\Admin\\Downloads\\GettiiLite_48.2\\GettiiLite\\vendor\\laravel\\framework\\src\\Illuminate\\Foundation\\Http\\Kernel.php(116): Illuminate\\Foundation\\Http\\Kernel->sendRequestThroughRouter(Object(Illuminate\\Http\\Request))
#65 C:\\Users\\Admin\\Downloads\\GettiiLite_48.2\\GettiiLite\\public\\index.php(55): Illuminate\\Foundation\\Http\\Kernel->handle(Object(Illuminate\\Http\\Request))
#66 C:\\Users\\Admin\\Downloads\\GettiiLite_48.2\\GettiiLite\\server.php(21): require_once('C:\\\\Users\\\\Admin\\\\...')
#67 {main}
"} 
[2021-09-08 16:21:15] production.INFO: function getUserStatus| MiddlewareRepositories | error code :  | error messeger : SQLSTATE[HY000] [2002] A connection attempt failed because the connected party did not properly respond after a period of time, or established connection failed because connected host has failed to respond.
 (SQL: select * from `GL_USER` where `GLID` = 148)  
[2021-09-08 16:21:15] production.INFO: function checkAccStatus| MiddlewareServices | error code :  | error messeger :   
[2021-09-08 16:28:11] production.DEBUG: ler.addData()  
[2021-09-08 16:28:11] production.DEBUG: ***全席自由***  
[2021-09-08 16:28:11] production.DEBUG: *** クレジットカード支払い or コンビニ支払い 未入力  ***  
[2021-09-08 16:28:11] production.DEBUG: *** sales_term_status  ***  
[2021-09-08 16:28:11] production.DEBUG: false  
[2021-09-08 16:28:11] production.DEBUG: *** ticket_seat_status  ***  
[2021-09-08 16:28:11] production.DEBUG: 1  
[2021-09-08 16:28:11] production.DEBUG: *** PERFORMANCE STATUS ***  
[2021-09-08 16:28:11] production.DEBUG: 3  
[2021-09-08 16:28:11] production.DEBUG: [EventCpntroller] _validationCheck fail.  
[2021-09-08 16:28:12] production.DEBUG: [create] It is old data  
[2021-09-08 16:35:22] production.NOTICE: mail failConnection to smtp.mailtrap.io:2525 Timed Out  
[2021-09-08 16:49:38] production.DEBUG: [Create]The data form DB  
[2021-09-08 16:50:03] production.DEBUG: ler.addData()  
[2021-09-08 16:50:03] production.DEBUG: ***(spec)表示公演日時***  
[2021-09-08 16:50:03] production.DEBUG: ***一般販売期間未設定***  
[2021-09-08 16:50:03] production.DEBUG: ***全席自由***  
[2021-09-08 16:50:03] production.DEBUG: ***席種名未入力***  
[2021-09-08 16:50:03] production.DEBUG: *** クレジットカード支払い or コンビニ支払い 未入力  ***  
[2021-09-08 16:50:03] production.DEBUG: *** sales_term_status  ***  
[2021-09-08 16:50:03] production.DEBUG: false  
[2021-09-08 16:50:03] production.DEBUG: *** ticket_seat_status  ***  
[2021-09-08 16:50:03] production.DEBUG: 0  
[2021-09-08 16:50:03] production.DEBUG: *** PERFORMANCE STATUS ***  
[2021-09-08 16:50:03] production.DEBUG: 0  
[2021-09-08 16:50:03] production.DEBUG: [EventCpntroller] _validationCheck fail.  
[2021-09-08 16:50:04] production.DEBUG: [create] It is old data  
[2021-09-08 16:51:19] production.DEBUG: ler.addData()  
[2021-09-08 16:51:19] production.DEBUG: ***全席自由***  
[2021-09-08 16:51:19] production.DEBUG: *** クレジットカード支払い or コンビニ支払い 未入力  ***  
[2021-09-08 16:51:19] production.DEBUG: *** sales_term_status  ***  
[2021-09-08 16:51:19] production.DEBUG: false  
[2021-09-08 16:51:19] production.DEBUG: *** ticket_seat_status  ***  
[2021-09-08 16:51:19] production.DEBUG: 1  
[2021-09-08 16:51:19] production.DEBUG: *** PERFORMANCE STATUS ***  
[2021-09-08 16:51:19] production.DEBUG: 3  
[2021-09-08 16:51:19] production.DEBUG: [EventCpntroller] _validationCheck fail.  
[2021-09-08 16:51:19] production.DEBUG: [create] It is old data  
[2021-09-08 16:51:50] production.DEBUG: [Create]The data form DB  
[2021-09-08 16:52:39] production.DEBUG: ler.addData()  
[2021-09-08 16:52:39] production.DEBUG: ***全席自由***  
[2021-09-08 16:52:39] production.DEBUG: *** sales_term_status  ***  
[2021-09-08 16:52:39] production.DEBUG: true  
[2021-09-08 16:52:39] production.DEBUG: *** ticket_seat_status  ***  
[2021-09-08 16:52:39] production.DEBUG: 1  
[2021-09-08 16:52:39] production.DEBUG: *** PERFORMANCE STATUS ***  
[2021-09-08 16:52:39] production.DEBUG: 3  
[2021-09-08 16:52:51] production.DEBUG: ler.addData()  
[2021-09-08 16:52:51] production.DEBUG: ***全席自由***  
[2021-09-08 16:52:51] production.DEBUG: *** sales_term_status  ***  
[2021-09-08 16:52:51] production.DEBUG: true  
[2021-09-08 16:52:51] production.DEBUG: *** ticket_seat_status  ***  
[2021-09-08 16:52:51] production.DEBUG: 1  
[2021-09-08 16:52:51] production.DEBUG: *** PERFORMANCE STATUS ***  
[2021-09-08 16:52:51] production.DEBUG: 3  
[2021-09-08 16:52:51] production.DEBUG: [EventCpntroller] _validationCheck fail.  
[2021-09-08 16:52:52] production.DEBUG: [create] It is old data  
[2021-09-08 16:58:55] production.DEBUG: ler.addData()  
[2021-09-08 16:58:55] production.DEBUG: ***全席自由***  
[2021-09-08 16:58:55] production.DEBUG: *** sales_term_status  ***  
[2021-09-08 16:58:55] production.DEBUG: true  
[2021-09-08 16:58:55] production.DEBUG: *** ticket_seat_status  ***  
[2021-09-08 16:58:55] production.DEBUG: 1  
[2021-09-08 16:58:55] production.DEBUG: *** PERFORMANCE STATUS ***  
[2021-09-08 16:58:55] production.DEBUG: 3  
[2021-09-08 16:58:55] production.DEBUG: [EventCpntroller] _validationCheck fail.  
[2021-09-08 16:58:55] production.DEBUG: [create] It is old data  
[2021-09-08 17:00:40] production.DEBUG: ler.addData()  
[2021-09-08 17:00:40] production.DEBUG: ***全席自由***  
[2021-09-08 17:00:40] production.DEBUG: *** sales_term_status  ***  
[2021-09-08 17:00:40] production.DEBUG: true  
[2021-09-08 17:00:40] production.DEBUG: *** ticket_seat_status  ***  
[2021-09-08 17:00:40] production.DEBUG: 1  
[2021-09-08 17:00:40] production.DEBUG: *** PERFORMANCE STATUS ***  
[2021-09-08 17:00:40] production.DEBUG: 3  
[2021-09-08 17:00:40] production.DEBUG: [EventCpntroller] _validationCheck fail.  
[2021-09-08 17:00:40] production.DEBUG: [create] It is old data  
[2021-09-08 17:00:56] production.DEBUG: ler.addData()  
[2021-09-08 17:00:56] production.DEBUG: ***全席自由***  
[2021-09-08 17:00:56] production.DEBUG: *** sales_term_status  ***  
[2021-09-08 17:00:56] production.DEBUG: true  
[2021-09-08 17:00:56] production.DEBUG: *** ticket_seat_status  ***  
[2021-09-08 17:00:56] production.DEBUG: 1  
[2021-09-08 17:00:56] production.DEBUG: *** PERFORMANCE STATUS ***  
[2021-09-08 17:00:56] production.DEBUG: 3  
[2021-09-08 17:00:56] production.DEBUG: [EventCpntroller] _validationCheck fail.  
[2021-09-08 17:00:56] production.DEBUG: [create] It is old data  
[2021-09-08 17:01:28] production.DEBUG: [Create]The data form DB  
[2021-09-08 17:02:26] production.DEBUG: ler.addData()  
[2021-09-08 17:02:26] production.DEBUG: ***全席自由***  
[2021-09-08 17:02:26] production.DEBUG: *** sales_term_status  ***  
[2021-09-08 17:02:26] production.DEBUG: true  
[2021-09-08 17:02:26] production.DEBUG: *** ticket_seat_status  ***  
[2021-09-08 17:02:26] production.DEBUG: 1  
[2021-09-08 17:02:26] production.DEBUG: *** PERFORMANCE STATUS ***  
[2021-09-08 17:02:26] production.DEBUG: 3  
[2021-09-08 17:02:48] production.DEBUG: ler.addData()  
[2021-09-08 17:02:48] production.DEBUG: ***全席自由***  
[2021-09-08 17:02:48] production.DEBUG: *** sales_term_status  ***  
[2021-09-08 17:02:48] production.DEBUG: true  
[2021-09-08 17:02:48] production.DEBUG: *** ticket_seat_status  ***  
[2021-09-08 17:02:48] production.DEBUG: 1  
[2021-09-08 17:02:48] production.DEBUG: *** PERFORMANCE STATUS ***  
[2021-09-08 17:02:48] production.DEBUG: 3  
[2021-09-08 17:02:48] production.ERROR: Undefined variable: sevenElevenSEJ {"exception":"[object] (ErrorException(code: 0): Undefined variable: sevenElevenSEJ at C:\\Users\\Admin\\Downloads\\GettiiLite_48.2\\GettiiLite\\app\\Http\\Controllers\\EvenController.php:2028)
[stacktrace]
#0 C:\\Users\\Admin\\Downloads\\GettiiLite_48.2\\GettiiLite\\app\\Http\\Controllers\\EvenController.php(2028): Illuminate\\Foundation\\Bootstrap\\HandleExceptions->handleError(8, 'Undefined varia...', 'C:\\\\Users\\\\Admin\\\\...', 2028, Array)
#1 C:\\Users\\Admin\\Downloads\\GettiiLite_48.2\\GettiiLite\\app\\Http\\Controllers\\EvenController.php(272): App\\Http\\Controllers\\EvenController->_validationCheck(Object(Illuminate\\Http\\Request), Object(stdClass), Object(stdClass), Object(stdClass), Array, 3, Array)
#2 [internal function]: App\\Http\\Controllers\\EvenController->addData(Object(Illuminate\\Http\\Request))
#3 C:\\Users\\Admin\\Downloads\\GettiiLite_48.2\\GettiiLite\\vendor\\laravel\\framework\\src\\Illuminate\\Routing\\Controller.php(54): call_user_func_array(Array, Array)
#4 C:\\Users\\Admin\\Downloads\\GettiiLite_48.2\\GettiiLite\\vendor\\laravel\\framework\\src\\Illuminate\\Routing\\ControllerDispatcher.php(45): Illuminate\\Routing\\Controller->callAction('addData', Array)
#5 C:\\Users\\Admin\\Downloads\\GettiiLite_48.2\\GettiiLite\\vendor\\laravel\\framework\\src\\Illuminate\\Routing\\Route.php(212): Illuminate\\Routing\\ControllerDispatcher->dispatch(Object(Illuminate\\Routing\\Route), Object(App\\Http\\Controllers\\EvenController), 'addData')
#6 C:\\Users\\Admin\\Downloads\\GettiiLite_48.2\\GettiiLite\\vendor\\laravel\\framework\\src\\Illuminate\\Routing\\Route.php(169): Illuminate\\Routing\\Route->runController()
#7 C:\\Users\\Admin\\Downloads\\GettiiLite_48.2\\GettiiLite\\vendor\\laravel\\framework\\src\\Illuminate\\Routing\\Router.php(658): Illuminate\\Routing\\Route->run()
#8 C:\\Users\\Admin\\Downloads\\GettiiLite_48.2\\GettiiLite\\vendor\\laravel\\framework\\src\\Illuminate\\Routing\\Pipeline.php(30): Illuminate\\Routing\\Router->Illuminate\\Routing\\{closure}(Object(Illuminate\\Http\\Request))
#9 C:\\Users\\Admin\\Downloads\\GettiiLite_48.2\\GettiiLite\\app\\Http\\Middleware\\CheckEventInfoAuthorityNoAccess.php(24): Illuminate\\Routing\\Pipeline->Illuminate\\Routing\\{closure}(Object(Illuminate\\Http\\Request))
#10 C:\\Users\\Admin\\Downloads\\GettiiLite_48.2\\GettiiLite\\vendor\\laravel\\framework\\src\\Illuminate\\Pipeline\\Pipeline.php(149): App\\Http\\Middleware\\CheckEventInfoAuthorityNoAccess->handle(Object(Illuminate\\Http\\Request), Object(Closure))
#11 C:\\Users\\Admin\\Downloads\\GettiiLite_48.2\\GettiiLite\\vendor\\laravel\\framework\\src\\Illuminate\\Routing\\Pipeline.php(53): Illuminate\\Pipeline\\Pipeline->Illuminate\\Pipeline\\{closure}(Object(Illuminate\\Http\\Request))
#12 C:\\Users\\Admin\\Downloads\\GettiiLite_48.2\\GettiiLite\\app\\Http\\Middleware\\CheckEventInfoAuthority.php(23): Illuminate\\Routing\\Pipeline->Illuminate\\Routing\\{closure}(Object(Illuminate\\Http\\Request))
#13 C:\\Users\\Admin\\Downloads\\GettiiLite_48.2\\GettiiLite\\vendor\\laravel\\framework\\src\\Illuminate\\Pipeline\\Pipeline.php(149): App\\Http\\Middleware\\CheckEventInfoAuthority->handle(Object(Illuminate\\Http\\Request), Object(Closure))
#14 C:\\Users\\Admin\\Downloads\\GettiiLite_48.2\\GettiiLite\\vendor\\laravel\\framework\\src\\Illuminate\\Routing\\Pipeline.php(53): Illuminate\\Pipeline\\Pipeline->Illuminate\\Pipeline\\{closure}(Object(Illuminate\\Http\\Request))
#15 C:\\Users\\Admin\\Downloads\\GettiiLite_48.2\\GettiiLite\\app\\Http\\Middleware\\CheckLogin.php(38): Illuminate\\Routing\\Pipeline->Illuminate\\Routing\\{closure}(Object(Illuminate\\Http\\Request))
#16 C:\\Users\\Admin\\Downloads\\GettiiLite_48.2\\GettiiLite\\vendor\\laravel\\framework\\src\\Illuminate\\Pipeline\\Pipeline.php(149): App\\Http\\Middleware\\CheckLogin->handle(Object(Illuminate\\Http\\Request), Object(Closure))
#17 C:\\Users\\Admin\\Downloads\\GettiiLite_48.2\\GettiiLite\\vendor\\laravel\\framework\\src\\Illuminate\\Routing\\Pipeline.php(53): Illuminate\\Pipeline\\Pipeline->Illuminate\\Pipeline\\{closure}(Object(Illuminate\\Http\\Request))
#18 C:\\Users\\Admin\\Downloads\\GettiiLite_48.2\\GettiiLite\\vendor\\laravel\\framework\\src\\Illuminate\\Routing\\Middleware\\SubstituteBindings.php(41): Illuminate\\Routing\\Pipeline->Illuminate\\Routing\\{closure}(Object(Illuminate\\Http\\Request))
#19 C:\\Users\\Admin\\Downloads\\GettiiLite_48.2\\GettiiLite\\vendor\\laravel\\framework\\src\\Illuminate\\Pipeline\\Pipeline.php(149): Illuminate\\Routing\\Middleware\\SubstituteBindings->handle(Object(Illuminate\\Http\\Request), Object(Closure))
#20 C:\\Users\\Admin\\Downloads\\GettiiLite_48.2\\GettiiLite\\vendor\\laravel\\framework\\src\\Illuminate\\Routing\\Pipeline.php(53): Illuminate\\Pipeline\\Pipeline->Illuminate\\Pipeline\\{closure}(Object(Illuminate\\Http\\Request))
#21 C:\\Users\\Admin\\Downloads\\GettiiLite_48.2\\GettiiLite\\vendor\\laravel\\framework\\src\\Illuminate\\Foundation\\Http\\Middleware\\VerifyCsrfToken.php(68): Illuminate\\Routing\\Pipeline->Illuminate\\Routing\\{closure}(Object(Illuminate\\Http\\Request))
#22 C:\\Users\\Admin\\Downloads\\GettiiLite_48.2\\GettiiLite\\vendor\\laravel\\framework\\src\\Illuminate\\Pipeline\\Pipeline.php(149): Illuminate\\Foundation\\Http\\Middleware\\VerifyCsrfToken->handle(Object(Illuminate\\Http\\Request), Object(Closure))
#23 C:\\Users\\Admin\\Downloads\\GettiiLite_48.2\\GettiiLite\\vendor\\laravel\\framework\\src\\Illuminate\\Routing\\Pipeline.php(53): Illuminate\\Pipeline\\Pipeline->Illuminate\\Pipeline\\{closure}(Object(Illuminate\\Http\\Request))
#24 C:\\Users\\Admin\\Downloads\\GettiiLite_48.2\\GettiiLite\\vendor\\laravel\\framework\\src\\Illuminate\\View\\Middleware\\ShareErrorsFromSession.php(49): Illuminate\\Routing\\Pipeline->Illuminate\\Routing\\{closure}(Object(Illuminate\\Http\\Request))
#25 C:\\Users\\Admin\\Downloads\\GettiiLite_48.2\\GettiiLite\\vendor\\laravel\\framework\\src\\Illuminate\\Pipeline\\Pipeline.php(149): Illuminate\\View\\Middleware\\ShareErrorsFromSession->handle(Object(Illuminate\\Http\\Request), Object(Closure))
#26 C:\\Users\\Admin\\Downloads\\GettiiLite_48.2\\GettiiLite\\vendor\\laravel\\framework\\src\\Illuminate\\Routing\\Pipeline.php(53): Illuminate\\Pipeline\\Pipeline->Illuminate\\Pipeline\\{closure}(Object(Illuminate\\Http\\Request))
#27 C:\\Users\\Admin\\Downloads\\GettiiLite_48.2\\GettiiLite\\vendor\\laravel\\framework\\src\\Illuminate\\Session\\Middleware\\StartSession.php(63): Illuminate\\Routing\\Pipeline->Illuminate\\Routing\\{closure}(Object(Illuminate\\Http\\Request))
#28 C:\\Users\\Admin\\Downloads\\GettiiLite_48.2\\GettiiLite\\vendor\\laravel\\framework\\src\\Illuminate\\Pipeline\\Pipeline.php(149): Illuminate\\Session\\Middleware\\StartSession->handle(Object(Illuminate\\Http\\Request), Object(Closure))
#29 C:\\Users\\Admin\\Downloads\\GettiiLite_48.2\\GettiiLite\\vendor\\laravel\\framework\\src\\Illuminate\\Routing\\Pipeline.php(53): Illuminate\\Pipeline\\Pipeline->Illuminate\\Pipeline\\{closure}(Object(Illuminate\\Http\\Request))
#30 C:\\Users\\Admin\\Downloads\\GettiiLite_48.2\\GettiiLite\\vendor\\laravel\\framework\\src\\Illuminate\\Cookie\\Middleware\\AddQueuedCookiesToResponse.php(37): Illuminate\\Routing\\Pipeline->Illuminate\\Routing\\{closure}(Object(Illuminate\\Http\\Request))
#31 C:\\Users\\Admin\\Downloads\\GettiiLite_48.2\\GettiiLite\\vendor\\laravel\\framework\\src\\Illuminate\\Pipeline\\Pipeline.php(149): Illuminate\\Cookie\\Middleware\\AddQueuedCookiesToResponse->handle(Object(Illuminate\\Http\\Request), Object(Closure))
#32 C:\\Users\\Admin\\Downloads\\GettiiLite_48.2\\GettiiLite\\vendor\\laravel\\framework\\src\\Illuminate\\Routing\\Pipeline.php(53): Illuminate\\Pipeline\\Pipeline->Illuminate\\Pipeline\\{closure}(Object(Illuminate\\Http\\Request))
#33 C:\\Users\\Admin\\Downloads\\GettiiLite_48.2\\GettiiLite\\vendor\\laravel\\framework\\src\\Illuminate\\Cookie\\Middleware\\EncryptCookies.php(68): Illuminate\\Routing\\Pipeline->Illuminate\\Routing\\{closure}(Object(Illuminate\\Http\\Request))
#34 C:\\Users\\Admin\\Downloads\\GettiiLite_48.2\\GettiiLite\\vendor\\laravel\\framework\\src\\Illuminate\\Pipeline\\Pipeline.php(149): Illuminate\\Cookie\\Middleware\\EncryptCookies->handle(Object(Illuminate\\Http\\Request), Object(Closure))
#35 C:\\Users\\Admin\\Downloads\\GettiiLite_48.2\\GettiiLite\\vendor\\laravel\\framework\\src\\Illuminate\\Routing\\Pipeline.php(53): Illuminate\\Pipeline\\Pipeline->Illuminate\\Pipeline\\{closure}(Object(Illuminate\\Http\\Request))
#36 C:\\Users\\Admin\\Downloads\\GettiiLite_48.2\\GettiiLite\\vendor\\laravel\\framework\\src\\Illuminate\\Pipeline\\Pipeline.php(102): Illuminate\\Routing\\Pipeline->Illuminate\\Routing\\{closure}(Object(Illuminate\\Http\\Request))
#37 C:\\Users\\Admin\\Downloads\\GettiiLite_48.2\\GettiiLite\\vendor\\laravel\\framework\\src\\Illuminate\\Routing\\Router.php(660): Illuminate\\Pipeline\\Pipeline->then(Object(Closure))
#38 C:\\Users\\Admin\\Downloads\\GettiiLite_48.2\\GettiiLite\\vendor\\laravel\\framework\\src\\Illuminate\\Routing\\Router.php(635): Illuminate\\Routing\\Router->runRouteWithinStack(Object(Illuminate\\Routing\\Route), Object(Illuminate\\Http\\Request))
#39 C:\\Users\\Admin\\Downloads\\GettiiLite_48.2\\GettiiLite\\vendor\\laravel\\framework\\src\\Illuminate\\Routing\\Router.php(601): Illuminate\\Routing\\Router->runRoute(Object(Illuminate\\Http\\Request), Object(Illuminate\\Routing\\Route))
#40 C:\\Users\\Admin\\Downloads\\GettiiLite_48.2\\GettiiLite\\vendor\\laravel\\framework\\src\\Illuminate\\Routing\\Router.php(590): Illuminate\\Routing\\Router->dispatchToRoute(Object(Illuminate\\Http\\Request))
#41 C:\\Users\\Admin\\Downloads\\GettiiLite_48.2\\GettiiLite\\vendor\\laravel\\framework\\src\\Illuminate\\Foundation\\Http\\Kernel.php(176): Illuminate\\Routing\\Router->dispatch(Object(Illuminate\\Http\\Request))
#42 C:\\Users\\Admin\\Downloads\\GettiiLite_48.2\\GettiiLite\\vendor\\laravel\\framework\\src\\Illuminate\\Routing\\Pipeline.php(30): Illuminate\\Foundation\\Http\\Kernel->Illuminate\\Foundation\\Http\\{closure}(Object(Illuminate\\Http\\Request))
#43 C:\\Users\\Admin\\Downloads\\GettiiLite_48.2\\GettiiLite\\vendor\\fideloper\\proxy\\src\\TrustProxies.php(56): Illuminate\\Routing\\Pipeline->Illuminate\\Routing\\{closure}(Object(Illuminate\\Http\\Request))
#44 C:\\Users\\Admin\\Downloads\\GettiiLite_48.2\\GettiiLite\\vendor\\laravel\\framework\\src\\Illuminate\\Pipeline\\Pipeline.php(149): Fideloper\\Proxy\\TrustProxies->handle(Object(Illuminate\\Http\\Request), Object(Closure))
#45 C:\\Users\\Admin\\Downloads\\GettiiLite_48.2\\GettiiLite\\vendor\\laravel\\framework\\src\\Illuminate\\Routing\\Pipeline.php(53): Illuminate\\Pipeline\\Pipeline->Illuminate\\Pipeline\\{closure}(Object(Illuminate\\Http\\Request))
#46 C:\\Users\\Admin\\Downloads\\GettiiLite_48.2\\GettiiLite\\vendor\\laravel\\framework\\src\\Illuminate\\Foundation\\Http\\Middleware\\TransformsRequest.php(30): Illuminate\\Routing\\Pipeline->Illuminate\\Routing\\{closure}(Object(Illuminate\\Http\\Request))
#47 C:\\Users\\Admin\\Downloads\\GettiiLite_48.2\\GettiiLite\\vendor\\laravel\\framework\\src\\Illuminate\\Pipeline\\Pipeline.php(149): Illuminate\\Foundation\\Http\\Middleware\\TransformsRequest->handle(Object(Illuminate\\Http\\Request), Object(Closure))
#48 C:\\Users\\Admin\\Downloads\\GettiiLite_48.2\\GettiiLite\\vendor\\laravel\\framework\\src\\Illuminate\\Routing\\Pipeline.php(53): Illuminate\\Pipeline\\Pipeline->Illuminate\\Pipeline\\{closure}(Object(Illuminate\\Http\\Request))
#49 C:\\Users\\Admin\\Downloads\\GettiiLite_48.2\\GettiiLite\\vendor\\laravel\\framework\\src\\Illuminate\\Foundation\\Http\\Middleware\\TransformsRequest.php(30): Illuminate\\Routing\\Pipeline->Illuminate\\Routing\\{closure}(Object(Illuminate\\Http\\Request))
#50 C:\\Users\\Admin\\Downloads\\GettiiLite_48.2\\GettiiLite\\vendor\\laravel\\framework\\src\\Illuminate\\Pipeline\\Pipeline.php(149): Illuminate\\Foundation\\Http\\Middleware\\TransformsRequest->handle(Object(Illuminate\\Http\\Request), Object(Closure))
#51 C:\\Users\\Admin\\Downloads\\GettiiLite_48.2\\GettiiLite\\vendor\\laravel\\framework\\src\\Illuminate\\Routing\\Pipeline.php(53): Illuminate\\Pipeline\\Pipeline->Illuminate\\Pipeline\\{closure}(Object(Illuminate\\Http\\Request))
#52 C:\\Users\\Admin\\Downloads\\GettiiLite_48.2\\GettiiLite\\vendor\\laravel\\framework\\src\\Illuminate\\Foundation\\Http\\Middleware\\ValidatePostSize.php(27): Illuminate\\Routing\\Pipeline->Illuminate\\Routing\\{closure}(Object(Illuminate\\Http\\Request))
#53 C:\\Users\\Admin\\Downloads\\GettiiLite_48.2\\GettiiLite\\vendor\\laravel\\framework\\src\\Illuminate\\Pipeline\\Pipeline.php(149): Illuminate\\Foundation\\Http\\Middleware\\ValidatePostSize->handle(Object(Illuminate\\Http\\Request), Object(Closure))
#54 C:\\Users\\Admin\\Downloads\\GettiiLite_48.2\\GettiiLite\\vendor\\laravel\\framework\\src\\Illuminate\\Routing\\Pipeline.php(53): Illuminate\\Pipeline\\Pipeline->Illuminate\\Pipeline\\{closure}(Object(Illuminate\\Http\\Request))
#55 C:\\Users\\Admin\\Downloads\\GettiiLite_48.2\\GettiiLite\\vendor\\laravel\\framework\\src\\Illuminate\\Foundation\\Http\\Middleware\\CheckForMaintenanceMode.php(46): Illuminate\\Routing\\Pipeline->Illuminate\\Routing\\{closure}(Object(Illuminate\\Http\\Request))
#56 C:\\Users\\Admin\\Downloads\\GettiiLite_48.2\\GettiiLite\\vendor\\laravel\\framework\\src\\Illuminate\\Pipeline\\Pipeline.php(149): Illuminate\\Foundation\\Http\\Middleware\\CheckForMaintenanceMode->handle(Object(Illuminate\\Http\\Request), Object(Closure))
#57 C:\\Users\\Admin\\Downloads\\GettiiLite_48.2\\GettiiLite\\vendor\\laravel\\framework\\src\\Illuminate\\Routing\\Pipeline.php(53): Illuminate\\Pipeline\\Pipeline->Illuminate\\Pipeline\\{closure}(Object(Illuminate\\Http\\Request))
#58 C:\\Users\\Admin\\Downloads\\GettiiLite_48.2\\GettiiLite\\vendor\\laravel\\framework\\src\\Illuminate\\Pipeline\\Pipeline.php(102): Illuminate\\Routing\\Pipeline->Illuminate\\Routing\\{closure}(Object(Illuminate\\Http\\Request))
#59 C:\\Users\\Admin\\Downloads\\GettiiLite_48.2\\GettiiLite\\vendor\\laravel\\framework\\src\\Illuminate\\Foundation\\Http\\Kernel.php(151): Illuminate\\Pipeline\\Pipeline->then(Object(Closure))
#60 C:\\Users\\Admin\\Downloads\\GettiiLite_48.2\\GettiiLite\\vendor\\laravel\\framework\\src\\Illuminate\\Foundation\\Http\\Kernel.php(116): Illuminate\\Foundation\\Http\\Kernel->sendRequestThroughRouter(Object(Illuminate\\Http\\Request))
#61 C:\\Users\\Admin\\Downloads\\GettiiLite_48.2\\GettiiLite\\public\\index.php(55): Illuminate\\Foundation\\Http\\Kernel->handle(Object(Illuminate\\Http\\Request))
#62 C:\\Users\\Admin\\Downloads\\GettiiLite_48.2\\GettiiLite\\server.php(21): require_once('C:\\\\Users\\\\Admin\\\\...')
#63 {main}
"} 
[2021-09-08 17:03:15] production.DEBUG: ler.addData()  
[2021-09-08 17:03:15] production.DEBUG: ***全席自由***  
[2021-09-08 17:03:15] production.DEBUG: *** sales_term_status  ***  
[2021-09-08 17:03:15] production.DEBUG: true  
[2021-09-08 17:03:15] production.DEBUG: *** ticket_seat_status  ***  
[2021-09-08 17:03:15] production.DEBUG: 1  
[2021-09-08 17:03:15] production.DEBUG: *** PERFORMANCE STATUS ***  
[2021-09-08 17:03:15] production.DEBUG: 3  
[2021-09-08 17:04:11] production.DEBUG: ler.addData()  
[2021-09-08 17:04:11] production.DEBUG: ***全席自由***  
[2021-09-08 17:04:11] production.DEBUG: *** sales_term_status  ***  
[2021-09-08 17:04:11] production.DEBUG: true  
[2021-09-08 17:04:11] production.DEBUG: *** ticket_seat_status  ***  
[2021-09-08 17:04:11] production.DEBUG: 1  
[2021-09-08 17:04:11] production.DEBUG: *** PERFORMANCE STATUS ***  
[2021-09-08 17:04:11] production.DEBUG: 3  
[2021-09-08 17:04:23] production.DEBUG: ler.addData()  
[2021-09-08 17:04:23] production.DEBUG: ***全席自由***  
[2021-09-08 17:04:23] production.DEBUG: *** sales_term_status  ***  
[2021-09-08 17:04:23] production.DEBUG: true  
[2021-09-08 17:04:23] production.DEBUG: *** ticket_seat_status  ***  
[2021-09-08 17:04:23] production.DEBUG: 1  
[2021-09-08 17:04:23] production.DEBUG: *** PERFORMANCE STATUS ***  
[2021-09-08 17:04:23] production.DEBUG: 3  
[2021-09-08 17:04:35] production.DEBUG: ler.addData()  
[2021-09-08 17:04:35] production.DEBUG: ***全席自由***  
[2021-09-08 17:04:35] production.DEBUG: *** sales_term_status  ***  
[2021-09-08 17:04:35] production.DEBUG: true  
[2021-09-08 17:04:35] production.DEBUG: *** ticket_seat_status  ***  
[2021-09-08 17:04:35] production.DEBUG: 1  
[2021-09-08 17:04:35] production.DEBUG: *** PERFORMANCE STATUS ***  
[2021-09-08 17:04:35] production.DEBUG: 3  
[2021-09-08 17:04:45] production.DEBUG: ler.addData()  
[2021-09-08 17:04:45] production.DEBUG: ***全席自由***  
[2021-09-08 17:04:45] production.DEBUG: *** sales_term_status  ***  
[2021-09-08 17:04:45] production.DEBUG: true  
[2021-09-08 17:04:45] production.DEBUG: *** ticket_seat_status  ***  
[2021-09-08 17:04:45] production.DEBUG: 1  
[2021-09-08 17:04:45] production.DEBUG: *** PERFORMANCE STATUS ***  
[2021-09-08 17:04:45] production.DEBUG: 3  
[2021-09-08 17:05:04] production.DEBUG: ler.addData()  
[2021-09-08 17:05:04] production.DEBUG: ***全席自由***  
[2021-09-08 17:05:04] production.DEBUG: *** sales_term_status  ***  
[2021-09-08 17:05:04] production.DEBUG: true  
[2021-09-08 17:05:04] production.DEBUG: *** ticket_seat_status  ***  
[2021-09-08 17:05:04] production.DEBUG: 1  
[2021-09-08 17:05:04] production.DEBUG: *** PERFORMANCE STATUS ***  
[2021-09-08 17:05:04] production.DEBUG: 3  
[2021-09-08 17:05:04] production.DEBUG: [EventCpntroller] _validationCheck fail.  
[2021-09-08 17:05:04] production.DEBUG: [create] It is old data  
[2021-09-08 17:07:00] production.DEBUG: ler.addData()  
[2021-09-08 17:07:00] production.DEBUG: ***全席自由***  
[2021-09-08 17:07:00] production.DEBUG: *** sales_term_status  ***  
[2021-09-08 17:07:00] production.DEBUG: true  
[2021-09-08 17:07:00] production.DEBUG: *** ticket_seat_status  ***  
[2021-09-08 17:07:00] production.DEBUG: 1  
[2021-09-08 17:07:00] production.DEBUG: *** PERFORMANCE STATUS ***  
[2021-09-08 17:07:00] production.DEBUG: 3  
[2021-09-08 17:07:00] production.DEBUG: [EventCpntroller] _validationCheck fail.  
[2021-09-08 17:07:00] production.DEBUG: [create] It is old data  
[2021-09-08 17:07:20] production.DEBUG: ler.addData()  
[2021-09-08 17:07:20] production.DEBUG: ***全席自由***  
[2021-09-08 17:07:20] production.DEBUG: *** sales_term_status  ***  
[2021-09-08 17:07:20] production.DEBUG: true  
[2021-09-08 17:07:20] production.DEBUG: *** ticket_seat_status  ***  
[2021-09-08 17:07:20] production.DEBUG: 1  
[2021-09-08 17:07:20] production.DEBUG: *** PERFORMANCE STATUS ***  
[2021-09-08 17:07:20] production.DEBUG: 3  
[2021-09-08 17:07:20] production.DEBUG: [EventCpntroller] _validationCheck fail.  
[2021-09-08 17:07:21] production.DEBUG: [create] It is old data  
[2021-09-08 17:07:32] production.DEBUG: ler.addData()  
[2021-09-08 17:07:32] production.DEBUG: ***全席自由***  
[2021-09-08 17:07:32] production.DEBUG: *** sales_term_status  ***  
[2021-09-08 17:07:32] production.DEBUG: true  
[2021-09-08 17:07:32] production.DEBUG: *** ticket_seat_status  ***  
[2021-09-08 17:07:32] production.DEBUG: 1  
[2021-09-08 17:07:32] production.DEBUG: *** PERFORMANCE STATUS ***  
[2021-09-08 17:07:32] production.DEBUG: 3  
[2021-09-08 17:07:32] production.DEBUG: [EventCpntroller] _validationCheck fail.  
[2021-09-08 17:07:32] production.DEBUG: [create] It is old data  
[2021-09-08 17:32:32] production.DEBUG: ler.addData()  
[2021-09-08 17:32:32] production.DEBUG: ***全席自由***  
[2021-09-08 17:32:32] production.DEBUG: *** sales_term_status  ***  
[2021-09-08 17:32:32] production.DEBUG: true  
[2021-09-08 17:32:32] production.DEBUG: *** ticket_seat_status  ***  
[2021-09-08 17:32:32] production.DEBUG: 1  
[2021-09-08 17:32:32] production.DEBUG: *** PERFORMANCE STATUS ***  
[2021-09-08 17:32:32] production.DEBUG: 3  
[2021-09-08 17:32:32] production.DEBUG: [EventCpntroller] _validationCheck fail.  
[2021-09-08 17:32:33] production.DEBUG: [create] It is old data  
[2021-09-08 17:32:58] production.DEBUG: ler.addData()  
[2021-09-08 17:32:58] production.DEBUG: ***全席自由***  
[2021-09-08 17:32:58] production.DEBUG: *** sales_term_status  ***  
[2021-09-08 17:32:58] production.DEBUG: true  
[2021-09-08 17:32:58] production.DEBUG: *** ticket_seat_status  ***  
[2021-09-08 17:32:58] production.DEBUG: 1  
[2021-09-08 17:32:58] production.DEBUG: *** PERFORMANCE STATUS ***  
[2021-09-08 17:32:58] production.DEBUG: 3  
[2021-09-08 17:32:58] production.DEBUG: [EventCpntroller] _validationCheck fail.  
[2021-09-08 17:32:58] production.DEBUG: [create] It is old data  
[2021-09-08 18:02:41] production.DEBUG: ler.addData()  
[2021-09-08 18:02:41] production.DEBUG: ***全席自由***  
[2021-09-08 18:02:41] production.DEBUG: *** sales_term_status  ***  
[2021-09-08 18:02:41] production.DEBUG: true  
[2021-09-08 18:02:41] production.DEBUG: *** ticket_seat_status  ***  
[2021-09-08 18:02:41] production.DEBUG: 1  
[2021-09-08 18:02:41] production.DEBUG: *** PERFORMANCE STATUS ***  
[2021-09-08 18:02:41] production.DEBUG: 3  
[2021-09-08 18:02:41] production.DEBUG: [EventCpntroller] _validationCheck fail.  
[2021-09-08 18:02:41] production.DEBUG: [create] It is old data  
[2021-09-08 18:05:04] production.DEBUG: ler.addData()  
[2021-09-08 18:05:04] production.DEBUG: ***全席自由***  
[2021-09-08 18:05:04] production.DEBUG: *** sales_term_status  ***  
[2021-09-08 18:05:04] production.DEBUG: true  
[2021-09-08 18:05:04] production.DEBUG: *** ticket_seat_status  ***  
[2021-09-08 18:05:04] production.DEBUG: 1  
[2021-09-08 18:05:04] production.DEBUG: *** PERFORMANCE STATUS ***  
[2021-09-08 18:05:04] production.DEBUG: 3  
[2021-09-08 18:05:04] production.DEBUG: [EventCpntroller] _validationCheck fail.  
[2021-09-08 18:05:04] production.DEBUG: [create] It is old data  
[2021-09-08 18:06:34] production.DEBUG: ler.addData()  
[2021-09-08 18:06:34] production.DEBUG: ***全席自由***  
[2021-09-08 18:06:34] production.DEBUG: *** sales_term_status  ***  
[2021-09-08 18:06:34] production.DEBUG: true  
[2021-09-08 18:06:34] production.DEBUG: *** ticket_seat_status  ***  
[2021-09-08 18:06:34] production.DEBUG: 1  
[2021-09-08 18:06:34] production.DEBUG: *** PERFORMANCE STATUS ***  
[2021-09-08 18:06:34] production.DEBUG: 3  
[2021-09-08 18:06:34] production.DEBUG: [EventCpntroller] _validationCheck fail.  
[2021-09-08 18:06:34] production.DEBUG: [create] It is old data  
[2021-09-08 18:07:07] production.DEBUG: ler.addData()  
[2021-09-08 18:07:07] production.DEBUG: ***全席自由***  
[2021-09-08 18:07:07] production.DEBUG: *** sales_term_status  ***  
[2021-09-08 18:07:07] production.DEBUG: true  
[2021-09-08 18:07:07] production.DEBUG: *** ticket_seat_status  ***  
[2021-09-08 18:07:07] production.DEBUG: 1  
[2021-09-08 18:07:07] production.DEBUG: *** PERFORMANCE STATUS ***  
[2021-09-08 18:07:07] production.DEBUG: 3  
[2021-09-08 18:07:07] production.DEBUG: [EventCpntroller] _validationCheck fail.  
[2021-09-08 18:07:07] production.DEBUG: [create] It is old data  
[2021-09-08 18:07:27] production.DEBUG: ler.addData()  
[2021-09-08 18:07:27] production.DEBUG: ***全席自由***  
[2021-09-08 18:07:27] production.DEBUG: *** sales_term_status  ***  
[2021-09-08 18:07:27] production.DEBUG: true  
[2021-09-08 18:07:27] production.DEBUG: *** ticket_seat_status  ***  
[2021-09-08 18:07:27] production.DEBUG: 1  
[2021-09-08 18:07:27] production.DEBUG: *** PERFORMANCE STATUS ***  
[2021-09-08 18:07:27] production.DEBUG: 3  
[2021-09-08 18:07:27] production.DEBUG: [EventCpntroller] _validationCheck fail.  
[2021-09-08 18:07:27] production.DEBUG: [create] It is old data  
[2021-09-08 18:07:42] production.DEBUG: [Create]The data form DB  
[2021-09-08 18:08:54] production.DEBUG: ler.addData()  
[2021-09-08 18:08:54] production.DEBUG: ***全席自由***  
[2021-09-08 18:08:54] production.DEBUG: *** sales_term_status  ***  
[2021-09-08 18:08:54] production.DEBUG: true  
[2021-09-08 18:08:54] production.DEBUG: *** ticket_seat_status  ***  
[2021-09-08 18:08:54] production.DEBUG: 1  
[2021-09-08 18:08:54] production.DEBUG: *** PERFORMANCE STATUS ***  
[2021-09-08 18:08:54] production.DEBUG: 3  
[2021-09-08 18:08:54] production.DEBUG: [EventCpntroller] _validationCheck fail.  
[2021-09-08 18:08:55] production.DEBUG: [create] It is old data  
