[2021-07-21 15:28:27] production.ERROR: It is unsafe to run Dusk in production. {"exception":"[object] (Exception(code: 0): It is unsafe to run Dusk in production. at /home/vagrant/code/htest/gettiilite/vendor/laravel/dusk/src/DuskServiceProvider.php:43)
[stacktrace]
#0 /home/vagrant/code/htest/gettiilite/vendor/laravel/framework/src/Illuminate/Foundation/Application.php(586): Laravel\\Dusk\\DuskServiceProvider->register()
#1 /home/vagrant/code/htest/gettiilite/vendor/laravel/framework/src/Illuminate/Foundation/ProviderRepository.php(75): Illuminate\\Foundation\\Application->register(Object(Laravel\\Dusk\\DuskServiceProvider))
#2 /home/vagrant/code/htest/gettiilite/vendor/laravel/framework/src/Illuminate/Foundation/Application.php(561): Illuminate\\Foundation\\ProviderRepository->load(Array)
#3 /home/vagrant/code/htest/gettiilite/vendor/laravel/framework/src/Illuminate/Foundation/Bootstrap/RegisterProviders.php(17): Illuminate\\Foundation\\Application->registerConfiguredProviders()
#4 /home/vagrant/code/htest/gettiilite/vendor/laravel/framework/src/Illuminate/Foundation/Application.php(213): Illuminate\\Foundation\\Bootstrap\\RegisterProviders->bootstrap(Object(Illuminate\\Foundation\\Application))
#5 /home/vagrant/code/htest/gettiilite/vendor/laravel/framework/src/Illuminate/Foundation/Console/Kernel.php(296): Illuminate\\Foundation\\Application->bootstrapWith(Array)
#6 /home/vagrant/code/htest/gettiilite/vendor/laravel/framework/src/Illuminate/Foundation/Console/Kernel.php(119): Illuminate\\Foundation\\Console\\Kernel->bootstrap()
#7 /home/vagrant/code/htest/gettiilite/artisan(37): Illuminate\\Foundation\\Console\\Kernel->handle(Object(Symfony\\Component\\Console\\Input\\ArgvInput), Object(Symfony\\Component\\Console\\Output\\ConsoleOutput))
#8 {main}
"} 
[2021-07-21 15:33:38] production.INFO: error code : 21   
[2021-07-21 17:30:50] production.INFO: error code : 21   
[2021-07-21 17:32:37] production.NOTICE: mail success  
[2021-07-21 17:32:37] production.DEBUG: UserManagerService.transportUserInfo@20210721173237  
[2021-07-21 17:32:37] production.DEBUG: UserManagerRepositories.portalMstOutputInsert  
[2021-07-21 17:34:23] production.NOTICE: mail success  
[2021-07-21 17:34:23] production.DEBUG: UserManagerService.transportUserInfo@20210721173423  
[2021-07-21 17:34:23] production.DEBUG: UserManagerRepositories.portalMstOutputInsert  
[2021-07-21 17:35:37] production.NOTICE: mail success  
[2021-07-21 17:35:37] production.DEBUG: UserManagerService.transportUserInfo@20210721173537  
[2021-07-21 17:35:37] production.DEBUG: UserManagerRepositories.portalMstOutputInsert  
[2021-07-21 17:36:59] production.NOTICE: mail success  
[2021-07-21 17:36:59] production.DEBUG: UserManagerService.transportUserInfo@20210721173659  
[2021-07-21 17:36:59] production.DEBUG: UserManagerRepositories.portalMstOutputInsert  
[2021-07-21 17:38:56] production.NOTICE: mail success  
[2021-07-21 17:38:56] production.DEBUG: UserManagerService.transportUserInfo@20210721173856  
[2021-07-21 17:38:56] production.DEBUG: UserManagerRepositories.portalMstOutputInsert  
[2021-07-21 17:40:21] production.NOTICE: mail success  
[2021-07-21 17:40:21] production.DEBUG: UserManagerService.transportUserInfo@20210721174021  
[2021-07-21 17:40:21] production.DEBUG: UserManagerRepositories.portalMstOutputInsert  
[2021-07-21 17:42:09] production.NOTICE: mail success  
[2021-07-21 17:42:09] production.DEBUG: UserManagerService.transportUserInfo@20210721174209  
[2021-07-21 17:42:09] production.DEBUG: UserManagerRepositories.portalMstOutputInsert  
[2021-07-21 17:43:28] production.NOTICE: mail success  
[2021-07-21 17:43:28] production.DEBUG: UserManagerService.transportUserInfo@20210721174328  
[2021-07-21 17:43:28] production.DEBUG: UserManagerRepositories.portalMstOutputInsert  
[2021-07-21 17:54:15] production.NOTICE: mail success  
[2021-07-21 17:54:15] production.DEBUG: UserManagerService.transportUserInfo@20210721175415  
[2021-07-21 17:54:15] production.DEBUG: UserManagerRepositories.portalMstOutputInsert  
[2021-07-21 17:57:57] production.NOTICE: mail success  
[2021-07-21 17:57:57] production.DEBUG: UserManagerService.transportUserInfo@20210721175757  
[2021-07-21 17:57:57] production.DEBUG: UserManagerRepositories.portalMstOutputInsert  
