[2021-07-27 08:48:42] production.DEBUG: [edit]The data from DB  
[2021-07-27 08:48:49] production.DEBUG: has  
[2021-07-27 08:54:29] production.DEBUG: [edit]The data from DB  
[2021-07-27 08:54:35] production.DEBUG: has  
[2021-07-27 08:55:56] production.DEBUG: [edit]The data from DB  
[2021-07-27 08:56:03] production.DEBUG: has  
[2021-07-27 08:57:22] production.DEBUG: [edit]The data from DB  
[2021-07-27 08:57:29] production.DEBUG: has  
[2021-07-27 08:58:48] production.DEBUG: [edit]The data from DB  
[2021-07-27 08:58:55] production.DEBUG: has  
[2021-07-27 09:04:16] production.DEBUG: [edit]The data from DB  
[2021-07-27 09:04:23] production.DEBUG: has  
[2021-07-27 09:14:49] production.DEBUG: [edit]The data from DB  
[2021-07-27 09:14:56] production.DEBUG: has  
[2021-07-27 09:25:17] production.DEBUG: [edit]The data from DB  
[2021-07-27 09:25:24] production.DEBUG: has  
[2021-07-27 09:26:50] production.DEBUG: [edit]The data from DB  
[2021-07-27 09:26:57] production.DEBUG: has  
[2021-07-27 09:27:36] production.DEBUG: [edit]The data from DB  
[2021-07-27 09:27:43] production.DEBUG: has  
[2021-07-27 09:30:33] production.DEBUG: [edit]The data from DB  
[2021-07-27 09:30:39] production.DEBUG: has  
[2021-07-27 09:34:16] production.DEBUG: [edit]The data from DB  
[2021-07-27 09:34:23] production.DEBUG: has  
[2021-07-27 09:35:40] production.DEBUG: [edit]The data from DB  
[2021-07-27 09:35:47] production.DEBUG: has  
[2021-07-27 09:38:38] production.DEBUG: [edit]The data from DB  
[2021-07-27 09:38:44] production.DEBUG: has  
[2021-07-27 09:40:55] production.DEBUG: [edit]The data from DB  
[2021-07-27 09:41:01] production.DEBUG: has  
[2021-07-27 09:42:45] production.DEBUG: [edit]The data from DB  
[2021-07-27 09:42:52] production.DEBUG: has  
[2021-07-27 09:48:47] production.DEBUG: [edit]The data from DB  
[2021-07-27 09:48:54] production.DEBUG: has  
[2021-07-27 09:49:44] production.DEBUG: [edit]The data from DB  
[2021-07-27 09:49:50] production.DEBUG: has  
[2021-07-27 09:50:53] production.DEBUG: [edit]The data from DB  
[2021-07-27 09:51:00] production.DEBUG: has  
[2021-07-27 09:55:46] production.DEBUG: [edit]The data from DB  
[2021-07-27 09:55:53] production.DEBUG: has  
[2021-07-27 10:00:38] production.DEBUG: [edit]The data from DB  
[2021-07-27 10:00:45] production.DEBUG: has  
[2021-07-27 10:05:03] production.DEBUG: [edit]The data from DB  
[2021-07-27 10:05:10] production.DEBUG: has  
[2021-07-27 10:06:41] production.DEBUG: [edit]The data from DB  
[2021-07-27 10:06:47] production.DEBUG: has  
[2021-07-27 10:08:08] production.DEBUG: [edit]The data from DB  
[2021-07-27 10:08:15] production.DEBUG: has  
[2021-07-27 10:09:51] production.DEBUG: [edit]The data from DB  
[2021-07-27 10:09:57] production.DEBUG: has  
[2021-07-27 10:11:52] production.DEBUG: [edit]The data from DB  
[2021-07-27 10:11:58] production.DEBUG: has  
[2021-07-27 10:13:42] production.DEBUG: [edit]The data from DB  
[2021-07-27 10:13:48] production.DEBUG: has  
[2021-07-27 10:17:29] production.DEBUG: [edit]The data from DB  
[2021-07-27 10:17:35] production.DEBUG: has  
[2021-07-27 10:18:59] production.DEBUG: [edit]The data from DB  
[2021-07-27 10:19:05] production.DEBUG: has  
[2021-07-27 10:19:37] production.DEBUG: [edit]The data from DB  
[2021-07-27 10:19:44] production.DEBUG: has  
[2021-07-27 10:21:15] production.DEBUG: [edit]The data from DB  
[2021-07-27 10:21:21] production.DEBUG: has  
[2021-07-27 10:24:48] production.DEBUG: [edit]The data from DB  
[2021-07-27 10:24:55] production.DEBUG: has  
[2021-07-27 10:32:45] production.DEBUG: [edit]The data from DB  
[2021-07-27 10:32:51] production.DEBUG: has  
[2021-07-27 10:34:58] production.DEBUG: [edit]The data from DB  
[2021-07-27 10:35:04] production.DEBUG: has  
[2021-07-27 10:36:06] production.DEBUG: [edit]The data from DB  
[2021-07-27 10:36:13] production.DEBUG: has  
[2021-07-27 10:37:35] production.DEBUG: [edit]The data from DB  
[2021-07-27 10:37:41] production.DEBUG: has  
[2021-07-27 10:42:09] production.DEBUG: [edit]The data from DB  
[2021-07-27 10:42:16] production.DEBUG: has  
[2021-07-27 10:44:51] production.DEBUG: [edit]The data from DB  
[2021-07-27 10:44:58] production.DEBUG: has  
[2021-07-27 10:47:54] production.DEBUG: [edit]The data from DB  
[2021-07-27 10:48:00] production.DEBUG: has  
[2021-07-27 10:54:51] production.DEBUG: [edit]The data from DB  
[2021-07-27 10:54:58] production.DEBUG: has  
[2021-07-27 10:56:25] production.DEBUG: [edit]The data from DB  
[2021-07-27 10:56:31] production.DEBUG: has  
[2021-07-27 10:59:49] production.DEBUG: [edit]The data from DB  
[2021-07-27 10:59:56] production.DEBUG: has  
[2021-07-27 11:05:16] production.DEBUG: [edit]The data from DB  
[2021-07-27 11:05:23] production.DEBUG: has  
[2021-07-27 11:07:36] production.DEBUG: [edit]The data from DB  
[2021-07-27 11:07:43] production.DEBUG: has  
[2021-07-27 11:09:12] production.DEBUG: [edit]The data from DB  
[2021-07-27 11:09:18] production.DEBUG: has  
[2021-07-27 11:10:36] production.DEBUG: [edit]The data from DB  
[2021-07-27 11:10:43] production.DEBUG: has  
[2021-07-27 11:11:18] production.DEBUG: [edit]The data from DB  
[2021-07-27 11:11:25] production.DEBUG: has  
[2021-07-27 11:12:58] production.DEBUG: [edit]The data from DB  
[2021-07-27 11:13:05] production.DEBUG: has  
[2021-07-27 11:13:54] production.DEBUG: [edit]The data from DB  
[2021-07-27 11:14:00] production.DEBUG: has  
[2021-07-27 11:14:22] production.DEBUG: [edit]The data from DB  
[2021-07-27 11:14:28] production.DEBUG: has  
[2021-07-27 11:15:43] production.DEBUG: [edit]The data from DB  
[2021-07-27 11:15:50] production.DEBUG: has  
[2021-07-27 11:18:36] production.DEBUG: [edit]The data from DB  
[2021-07-27 11:18:42] production.DEBUG: has  
[2021-07-27 11:19:08] production.DEBUG: [edit]The data from DB  
[2021-07-27 11:19:14] production.DEBUG: has  
[2021-07-27 11:20:01] production.DEBUG: [edit]The data from DB  
[2021-07-27 11:20:08] production.DEBUG: has  
[2021-07-27 11:21:35] production.DEBUG: [edit]The data from DB  
[2021-07-27 11:21:41] production.DEBUG: has  
[2021-07-27 11:23:13] production.DEBUG: [edit]The data from DB  
[2021-07-27 11:23:19] production.DEBUG: has  
[2021-07-27 11:24:06] production.DEBUG: [EventController] update  
[2021-07-27 11:24:06] production.DEBUG: ***(normal)ステージ未設定***  
[2021-07-27 11:24:06] production.DEBUG: ***全席自由***  
[2021-07-27 11:24:06] production.DEBUG: ***先行or一般or当日未入力***  
[2021-07-27 11:24:06] production.DEBUG: *** sales_term_status  ***  
[2021-07-27 11:24:06] production.DEBUG: true  
[2021-07-27 11:24:06] production.DEBUG: *** ticket_seat_status  ***  
[2021-07-27 11:24:06] production.DEBUG: 0  
[2021-07-27 11:24:06] production.DEBUG: *** PERFORMANCE STATUS ***  
[2021-07-27 11:24:06] production.DEBUG: 2  
[2021-07-27 11:24:06] production.DEBUG: [EventManageService]updateJson  
[2021-07-27 11:24:06] production.DEBUG: _createHallInfo : [石川県][七尾市] -> ID => 3001316  
[2021-07-27 11:24:08] production.DEBUG: [edit]It is old data  
[2021-07-27 11:24:08] production.DEBUG: [edit]Reading data form draft.  
[2021-07-27 13:10:54] production.DEBUG: [Create]The data form DB  
[2021-07-27 13:11:37] production.DEBUG: ler.addData()  
[2021-07-27 13:11:37] production.DEBUG: ***(spec)表示公演日時***  
[2021-07-27 13:11:37] production.DEBUG: ***全席自由***  
[2021-07-27 13:11:37] production.DEBUG: ***券種or料金未入力***  
[2021-07-27 13:11:37] production.DEBUG: ***先行or一般or当日未入力***  
[2021-07-27 13:11:37] production.DEBUG: *** クレジットカード支払い or コンビニ支払い 未入力  ***  
[2021-07-27 13:11:37] production.DEBUG: *** sales_term_status  ***  
[2021-07-27 13:11:37] production.DEBUG: false  
[2021-07-27 13:11:37] production.DEBUG: *** ticket_seat_status  ***  
[2021-07-27 13:11:37] production.DEBUG: 0  
[2021-07-27 13:11:37] production.DEBUG: *** PERFORMANCE STATUS ***  
[2021-07-27 13:11:37] production.DEBUG: 0  
[2021-07-27 13:11:37] production.DEBUG: EvenManageServices.addData()  
[2021-07-27 13:11:37] production.DEBUG: EvenManageRepositories.performanceInsert()  
[2021-07-27 13:12:47] production.DEBUG: [edit]The data from DB  
[2021-07-27 13:12:53] production.DEBUG: has  
[2021-07-27 13:14:26] production.DEBUG: [Create]The data form DB  
[2021-07-27 13:19:02] production.DEBUG: [Create]The data form DB  
[2021-07-27 13:20:33] production.DEBUG: ler.addData()  
[2021-07-27 13:20:33] production.DEBUG: ***全席自由***  
[2021-07-27 13:20:33] production.DEBUG: ***券種or料金未入力***  
[2021-07-27 13:20:33] production.DEBUG: *** sales_term_status  ***  
[2021-07-27 13:20:33] production.DEBUG: true  
[2021-07-27 13:20:33] production.DEBUG: *** ticket_seat_status  ***  
[2021-07-27 13:20:33] production.DEBUG: 0  
[2021-07-27 13:20:33] production.DEBUG: *** PERFORMANCE STATUS ***  
[2021-07-27 13:20:33] production.DEBUG: 2  
[2021-07-27 13:20:33] production.DEBUG: EvenManageServices.addData()  
[2021-07-27 13:20:34] production.DEBUG: EvenManageRepositories.performanceInsert()  
[2021-07-27 13:44:56] production.DEBUG: [Create]The data form DB  
[2021-07-27 13:46:43] production.DEBUG: [Create]The data form DB  
[2021-07-27 13:49:42] production.DEBUG: [Create]The data form DB  
[2021-07-27 13:52:51] production.DEBUG: [Create]The data form DB  
[2021-07-27 14:08:24] production.DEBUG: [Create]The data form DB  
[2021-07-27 14:18:01] production.DEBUG: [Create]The data form DB  
[2021-07-27 14:23:29] production.DEBUG: [Create]The data form DB  
[2021-07-27 14:24:29] production.DEBUG: [Create]The data form DB  
[2021-07-27 14:35:50] production.DEBUG: [Create]The data form DB  
[2021-07-27 14:45:04] production.DEBUG: [Create]The data form DB  
[2021-07-27 14:47:30] production.DEBUG: [Create]The data form DB  
[2021-07-27 22:36:25] production.DEBUG: [Create]The data form DB  
[2021-07-27 22:37:57] production.DEBUG: [Create]The data form DB  
[2021-07-27 22:39:42] production.DEBUG: [Create]The data form DB  
[2021-07-27 22:42:54] production.DEBUG: [Create]The data form DB  
[2021-07-27 22:44:45] production.DEBUG: [Create]The data form DB  
[2021-07-27 22:47:56] production.DEBUG: [Create]The data form DB  
[2021-07-27 22:50:32] production.DEBUG: [Create]The data form DB  
[2021-07-27 22:51:40] production.DEBUG: [Create]The data form DB  
[2021-07-27 22:53:31] production.DEBUG: ler.addData()  
[2021-07-27 22:53:31] production.DEBUG: ***(spec)表示公演日時***  
[2021-07-27 22:53:31] production.DEBUG: ***全席自由***  
[2021-07-27 22:53:31] production.DEBUG: ***券種or料金未入力***  
[2021-07-27 22:53:31] production.DEBUG: ***先行or一般or当日未入力***  
[2021-07-27 22:53:31] production.DEBUG: *** クレジットカード支払い or コンビニ支払い 未入力  ***  
[2021-07-27 22:53:31] production.DEBUG: *** sales_term_status  ***  
[2021-07-27 22:53:31] production.DEBUG: false  
[2021-07-27 22:53:31] production.DEBUG: *** ticket_seat_status  ***  
[2021-07-27 22:53:31] production.DEBUG: 0  
[2021-07-27 22:53:31] production.DEBUG: *** PERFORMANCE STATUS ***  
[2021-07-27 22:53:31] production.DEBUG: 0  
[2021-07-27 22:53:31] production.DEBUG: EvenManageServices.addData()  
[2021-07-27 22:53:31] production.DEBUG: EvenManageRepositories.performanceInsert()  
[2021-07-27 22:55:30] production.DEBUG: [edit]The data from DB  
[2021-07-27 22:55:37] production.DEBUG: has  
[2021-07-27 23:09:42] production.DEBUG: [edit]The data from DB  
[2021-07-27 23:09:49] production.DEBUG: has  
[2021-07-27 23:11:33] production.DEBUG: [edit]The data from DB  
[2021-07-27 23:11:40] production.DEBUG: has  
[2021-07-27 23:12:42] production.DEBUG: [edit]The data from DB  
[2021-07-27 23:12:49] production.DEBUG: has  
[2021-07-27 23:35:21] production.DEBUG: [edit]The data from DB  
[2021-07-27 23:35:28] production.DEBUG: has  
[2021-07-27 23:35:57] production.DEBUG: [Create]The data form DB  
[2021-07-27 23:37:49] production.DEBUG: [Create]The data form DB  
[2021-07-27 23:49:08] production.DEBUG: [Create]The data form DB  
[2021-07-27 23:52:51] production.DEBUG: [Create]The data form DB  
[2021-07-27 23:56:09] production.DEBUG: [Create]The data form DB  
[2021-07-27 23:59:30] production.DEBUG: [Create]The data form DB  
